2021-06-27 21:06:988 INFO  BasePage :33 - Launching Chrome Browser 
2021-06-27 21:06:921 INFO  HomePage :34 - Clicking on Bank Manager Login Button[[ChromeDriver: chrome on WINDOWS (3337f37b54aa133230b0915208d46ea1)] -> xpath: //button[text()='Bank Manager Login']]
2021-06-27 21:06:198 INFO  HomePage :23 - Clicking on add to Customer Tab[[ChromeDriver: chrome on WINDOWS (3337f37b54aa133230b0915208d46ea1)] -> xpath: //body[1]/div[3]/div[1]/div[2]/div[1]/div[1]/button[1]]
2021-06-27 21:06:524 INFO  HomePage :27 - Enter First Name[[ChromeDriver: chrome on WINDOWS (3337f37b54aa133230b0915208d46ea1)] -> xpath: //body[1]/div[3]/div[1]/div[2]/div[1]/div[2]/div[1]/div[1]/form[1]/div[1]/input[1]]
2021-06-27 21:06:685 INFO  HomePage :32 - Enter Last Name[[ChromeDriver: chrome on WINDOWS (3337f37b54aa133230b0915208d46ea1)] -> xpath: //input[@placeholder='Last Name']]
2021-06-27 21:06:854 INFO  HomePage :37 - Enter post code[[ChromeDriver: chrome on WINDOWS (3337f37b54aa133230b0915208d46ea1)] -> xpath: //body[1]/div[3]/div[1]/div[2]/div[1]/div[2]/div[1]/div[1]/form[1]/div[3]/input[1]]
2021-06-27 21:06:890 INFO  HomePage :41 - Click On Add Customer button[[ChromeDriver: chrome on WINDOWS (3337f37b54aa133230b0915208d46ea1)] -> xpath: //body[1]/div[3]/div[1]/div[2]/div[1]/div[2]/div[1]/div[1]/form[1]/button[1]]
2021-06-28 13:06:261 INFO  BasePage :33 - Launching Chrome Browser 
2021-06-28 13:06:860 INFO  HomePage :34 - Clicking on Bank Manager Login Button[[ChromeDriver: chrome on WINDOWS (fe8e176d5c9a29c14ec8540368861cd3)] -> xpath: //button[text()='Bank Manager Login']]
2021-06-28 13:06:466 INFO  HomePage :23 - Clicking on add to Customer Tab[[ChromeDriver: chrome on WINDOWS (fe8e176d5c9a29c14ec8540368861cd3)] -> xpath: //body[1]/div[3]/div[1]/div[2]/div[1]/div[1]/button[1]]
2021-06-28 13:06:807 INFO  HomePage :27 - Enter First Name[[ChromeDriver: chrome on WINDOWS (fe8e176d5c9a29c14ec8540368861cd3)] -> xpath: //body[1]/div[3]/div[1]/div[2]/div[1]/div[2]/div[1]/div[1]/form[1]/div[1]/input[1]]
2021-06-28 13:06:925 INFO  HomePage :32 - Enter Last Name[[ChromeDriver: chrome on WINDOWS (fe8e176d5c9a29c14ec8540368861cd3)] -> xpath: //input[@placeholder='Last Name']]
2021-06-28 13:06:65 INFO  HomePage :37 - Enter post code[[ChromeDriver: chrome on WINDOWS (fe8e176d5c9a29c14ec8540368861cd3)] -> xpath: //body[1]/div[3]/div[1]/div[2]/div[1]/div[2]/div[1]/div[1]/form[1]/div[3]/input[1]]
2021-06-28 13:06:111 INFO  HomePage :41 - Click On Add Customer button[[ChromeDriver: chrome on WINDOWS (fe8e176d5c9a29c14ec8540368861cd3)] -> xpath: //body[1]/div[3]/div[1]/div[2]/div[1]/div[2]/div[1]/div[1]/form[1]/button[1]]
2021-06-28 13:06:386 INFO  HomePage :29 - Clicking on add to Customer Tab[[ChromeDriver: chrome on WINDOWS (fe8e176d5c9a29c14ec8540368861cd3)] -> xpath: //body[1]/div[3]/div[1]/div[2]/div[1]/div[1]/button[2]]
2021-06-28 13:06:152 INFO  BasePage :33 - Launching Chrome Browser 
2021-06-28 13:06:948 INFO  HomePage :34 - Clicking on Bank Manager Login Button[[ChromeDriver: chrome on WINDOWS (da74a8d497eafbc70de724a99335cf40)] -> xpath: //button[text()='Bank Manager Login']]
2021-06-28 13:06:263 INFO  HomePage :23 - Clicking on add to Customer Tab[[ChromeDriver: chrome on WINDOWS (da74a8d497eafbc70de724a99335cf40)] -> xpath: //body[1]/div[3]/div[1]/div[2]/div[1]/div[1]/button[1]]
2021-06-28 13:06:615 INFO  HomePage :27 - Enter First Name[[ChromeDriver: chrome on WINDOWS (da74a8d497eafbc70de724a99335cf40)] -> xpath: //body[1]/div[3]/div[1]/div[2]/div[1]/div[2]/div[1]/div[1]/form[1]/div[1]/input[1]]
2021-06-28 13:06:749 INFO  HomePage :32 - Enter Last Name[[ChromeDriver: chrome on WINDOWS (da74a8d497eafbc70de724a99335cf40)] -> xpath: //input[@placeholder='Last Name']]
2021-06-28 13:06:872 INFO  HomePage :37 - Enter post code[[ChromeDriver: chrome on WINDOWS (da74a8d497eafbc70de724a99335cf40)] -> xpath: //body[1]/div[3]/div[1]/div[2]/div[1]/div[2]/div[1]/div[1]/form[1]/div[3]/input[1]]
2021-06-28 13:06:914 INFO  HomePage :41 - Click On Add Customer button[[ChromeDriver: chrome on WINDOWS (da74a8d497eafbc70de724a99335cf40)] -> xpath: //body[1]/div[3]/div[1]/div[2]/div[1]/div[2]/div[1]/div[1]/form[1]/button[1]]
2021-06-28 13:06:164 INFO  HomePage :29 - Clicking on add to Customer Tab[[ChromeDriver: chrome on WINDOWS (da74a8d497eafbc70de724a99335cf40)] -> xpath: //body[1]/div[3]/div[1]/div[2]/div[1]/div[1]/button[2]]
2021-06-28 13:06:621 INFO  AddCustomerPage :34 - clicking on customer name[[ChromeDriver: chrome on WINDOWS (da74a8d497eafbc70de724a99335cf40)] -> xpath: //option[text()='Jarul Mehta']][[ChromeDriver: chrome on WINDOWS (da74a8d497eafbc70de724a99335cf40)] -> xpath: //select[@id = 'userSelect']]
2021-06-28 13:06:850 INFO  AddCustomerPage :41 - clicking on currency[[ChromeDriver: chrome on WINDOWS (da74a8d497eafbc70de724a99335cf40)] -> xpath: //select[@id = 'currency']][[ChromeDriver: chrome on WINDOWS (da74a8d497eafbc70de724a99335cf40)] -> xpath: //option[text()='Pound']]
2021-06-28 13:06:66 INFO  AddCustomerPage :46 - clicking on process button[[ChromeDriver: chrome on WINDOWS (da74a8d497eafbc70de724a99335cf40)] -> xpath: //body[1]/div[3]/div[1]/div[2]/div[1]/div[2]/div[1]/div[1]/form[1]/button[1]]
2021-06-28 13:06:23 INFO  BasePage :33 - Launching Chrome Browser 
2021-06-28 13:06:556 INFO  HomePage :34 - Clicking on Bank Manager Login Button[[ChromeDriver: chrome on WINDOWS (ad6b9c0dee2290864ffb1f4fde60ec20)] -> xpath: //button[text()='Bank Manager Login']]
2021-06-28 13:06:913 INFO  HomePage :23 - Clicking on add to Customer Tab[[ChromeDriver: chrome on WINDOWS (ad6b9c0dee2290864ffb1f4fde60ec20)] -> xpath: //body[1]/div[3]/div[1]/div[2]/div[1]/div[1]/button[1]]
2021-06-28 13:06:258 INFO  HomePage :27 - Enter First Name[[ChromeDriver: chrome on WINDOWS (ad6b9c0dee2290864ffb1f4fde60ec20)] -> xpath: //body[1]/div[3]/div[1]/div[2]/div[1]/div[2]/div[1]/div[1]/form[1]/div[1]/input[1]]
2021-06-28 13:06:398 INFO  HomePage :32 - Enter Last Name[[ChromeDriver: chrome on WINDOWS (ad6b9c0dee2290864ffb1f4fde60ec20)] -> xpath: //input[@placeholder='Last Name']]
2021-06-28 13:06:603 INFO  HomePage :37 - Enter post code[[ChromeDriver: chrome on WINDOWS (ad6b9c0dee2290864ffb1f4fde60ec20)] -> xpath: //body[1]/div[3]/div[1]/div[2]/div[1]/div[2]/div[1]/div[1]/form[1]/div[3]/input[1]]
2021-06-28 13:06:634 INFO  HomePage :41 - Click On Add Customer button[[ChromeDriver: chrome on WINDOWS (ad6b9c0dee2290864ffb1f4fde60ec20)] -> xpath: //body[1]/div[3]/div[1]/div[2]/div[1]/div[2]/div[1]/div[1]/form[1]/button[1]]
2021-06-28 13:06:991 INFO  HomePage :29 - Clicking on add to Customer Tab[[ChromeDriver: chrome on WINDOWS (ad6b9c0dee2290864ffb1f4fde60ec20)] -> xpath: //body[1]/div[3]/div[1]/div[2]/div[1]/div[1]/button[2]]
2021-06-28 13:06:504 INFO  AddCustomerPage :34 - clicking on customer name[[ChromeDriver: chrome on WINDOWS (ad6b9c0dee2290864ffb1f4fde60ec20)] -> xpath: //option[text()='Jarul Mehta']][[ChromeDriver: chrome on WINDOWS (ad6b9c0dee2290864ffb1f4fde60ec20)] -> xpath: //select[@id = 'userSelect']]
2021-06-28 13:06:776 INFO  AddCustomerPage :41 - clicking on currency[[ChromeDriver: chrome on WINDOWS (ad6b9c0dee2290864ffb1f4fde60ec20)] -> xpath: //select[@id = 'currency']][[ChromeDriver: chrome on WINDOWS (ad6b9c0dee2290864ffb1f4fde60ec20)] -> xpath: //option[text()='Pound']]
2021-06-28 13:06:971 INFO  AddCustomerPage :46 - clicking on process button[[ChromeDriver: chrome on WINDOWS (ad6b9c0dee2290864ffb1f4fde60ec20)] -> xpath: //body[1]/div[3]/div[1]/div[2]/div[1]/div[2]/div[1]/div[1]/form[1]/button[1]]
2021-06-28 13:06:203 INFO  BasePage :33 - Launching Chrome Browser 
2021-06-28 13:06:332 INFO  HomePage :34 - Clicking on Bank Manager Login Button[[ChromeDriver: chrome on WINDOWS (d9880e20c698a7542fb389111bd70d73)] -> xpath: //button[text()='Bank Manager Login']]
2021-06-28 13:06:318 INFO  HomePage :23 - Clicking on add to Customer Tab[[ChromeDriver: chrome on WINDOWS (d9880e20c698a7542fb389111bd70d73)] -> xpath: //body[1]/div[3]/div[1]/div[2]/div[1]/div[1]/button[1]]
2021-06-28 13:06:673 INFO  HomePage :27 - Enter First Name[[ChromeDriver: chrome on WINDOWS (d9880e20c698a7542fb389111bd70d73)] -> xpath: //body[1]/div[3]/div[1]/div[2]/div[1]/div[2]/div[1]/div[1]/form[1]/div[1]/input[1]]
2021-06-28 13:06:809 INFO  HomePage :32 - Enter Last Name[[ChromeDriver: chrome on WINDOWS (d9880e20c698a7542fb389111bd70d73)] -> xpath: //input[@placeholder='Last Name']]
2021-06-28 13:06:950 INFO  HomePage :37 - Enter post code[[ChromeDriver: chrome on WINDOWS (d9880e20c698a7542fb389111bd70d73)] -> xpath: //body[1]/div[3]/div[1]/div[2]/div[1]/div[2]/div[1]/div[1]/form[1]/div[3]/input[1]]
2021-06-28 13:06:995 INFO  HomePage :41 - Click On Add Customer button[[ChromeDriver: chrome on WINDOWS (d9880e20c698a7542fb389111bd70d73)] -> xpath: //body[1]/div[3]/div[1]/div[2]/div[1]/div[2]/div[1]/div[1]/form[1]/button[1]]
2021-06-28 13:06:285 INFO  HomePage :29 - Clicking on add to Customer Tab[[ChromeDriver: chrome on WINDOWS (d9880e20c698a7542fb389111bd70d73)] -> xpath: //body[1]/div[3]/div[1]/div[2]/div[1]/div[1]/button[2]]
2021-06-28 13:06:802 INFO  AddCustomerPage :34 - clicking on customer name[[ChromeDriver: chrome on WINDOWS (d9880e20c698a7542fb389111bd70d73)] -> xpath: //option[text()='Jarul Mehta']][[ChromeDriver: chrome on WINDOWS (d9880e20c698a7542fb389111bd70d73)] -> xpath: //select[@id = 'userSelect']]
2021-06-28 13:06:67 INFO  AddCustomerPage :41 - clicking on currency[[ChromeDriver: chrome on WINDOWS (d9880e20c698a7542fb389111bd70d73)] -> xpath: //select[@id = 'currency']][[ChromeDriver: chrome on WINDOWS (d9880e20c698a7542fb389111bd70d73)] -> xpath: //option[text()='Pound']]
2021-06-28 13:06:311 INFO  AddCustomerPage :46 - clicking on process button[[ChromeDriver: chrome on WINDOWS (d9880e20c698a7542fb389111bd70d73)] -> xpath: //body[1]/div[3]/div[1]/div[2]/div[1]/div[2]/div[1]/div[1]/form[1]/button[1]]
2021-06-28 13:06:282 INFO  BasePage :33 - Launching Chrome Browser 
2021-06-28 13:06:562 INFO  HomePage :34 - Clicking on Bank Manager Login Button[[ChromeDriver: chrome on WINDOWS (1aa3fc973628352111c4970d3aa2cf73)] -> xpath: //button[text()='Bank Manager Login']]
2021-06-28 13:06:839 INFO  HomePage :23 - Clicking on add to Customer Tab[[ChromeDriver: chrome on WINDOWS (1aa3fc973628352111c4970d3aa2cf73)] -> xpath: //body[1]/div[3]/div[1]/div[2]/div[1]/div[1]/button[1]]
2021-06-28 13:06:197 INFO  HomePage :27 - Enter First Name[[ChromeDriver: chrome on WINDOWS (1aa3fc973628352111c4970d3aa2cf73)] -> xpath: //body[1]/div[3]/div[1]/div[2]/div[1]/div[2]/div[1]/div[1]/form[1]/div[1]/input[1]]
2021-06-28 13:06:309 INFO  HomePage :32 - Enter Last Name[[ChromeDriver: chrome on WINDOWS (1aa3fc973628352111c4970d3aa2cf73)] -> xpath: //input[@placeholder='Last Name']]
2021-06-28 13:06:435 INFO  HomePage :37 - Enter post code[[ChromeDriver: chrome on WINDOWS (1aa3fc973628352111c4970d3aa2cf73)] -> xpath: //body[1]/div[3]/div[1]/div[2]/div[1]/div[2]/div[1]/div[1]/form[1]/div[3]/input[1]]
2021-06-28 13:06:467 INFO  HomePage :41 - Click On Add Customer button[[ChromeDriver: chrome on WINDOWS (1aa3fc973628352111c4970d3aa2cf73)] -> xpath: //body[1]/div[3]/div[1]/div[2]/div[1]/div[2]/div[1]/div[1]/form[1]/button[1]]
2021-06-28 13:06:507 INFO  BasePage :33 - Launching Chrome Browser 
2021-06-28 13:06:849 INFO  HomePage :34 - Clicking on Bank Manager Login Button[[ChromeDriver: chrome on WINDOWS (2f50721454195224f29f6150de73ccf7)] -> xpath: //button[text()='Bank Manager Login']]
2021-06-28 13:06:258 INFO  HomePage :23 - Clicking on add to Customer Tab[[ChromeDriver: chrome on WINDOWS (2f50721454195224f29f6150de73ccf7)] -> xpath: //body[1]/div[3]/div[1]/div[2]/div[1]/div[1]/button[1]]
2021-06-28 13:06:657 INFO  HomePage :27 - Enter First Name[[ChromeDriver: chrome on WINDOWS (2f50721454195224f29f6150de73ccf7)] -> xpath: //body[1]/div[3]/div[1]/div[2]/div[1]/div[2]/div[1]/div[1]/form[1]/div[1]/input[1]]
2021-06-28 13:06:804 INFO  HomePage :32 - Enter Last Name[[ChromeDriver: chrome on WINDOWS (2f50721454195224f29f6150de73ccf7)] -> xpath: //input[@placeholder='Last Name']]
2021-06-28 13:06:983 INFO  HomePage :37 - Enter post code[[ChromeDriver: chrome on WINDOWS (2f50721454195224f29f6150de73ccf7)] -> xpath: //body[1]/div[3]/div[1]/div[2]/div[1]/div[2]/div[1]/div[1]/form[1]/div[3]/input[1]]
2021-06-28 13:06:12 INFO  HomePage :41 - Click On Add Customer button[[ChromeDriver: chrome on WINDOWS (2f50721454195224f29f6150de73ccf7)] -> xpath: //body[1]/div[3]/div[1]/div[2]/div[1]/div[2]/div[1]/div[1]/form[1]/button[1]]
2021-06-28 13:06:131 INFO  HomePage :39 - Clicking on Bank Manager Login ButtonProxy element for: DefaultElementLocator 'By.xpath: //button[text()='Bank Manager Login']'
2021-06-28 13:06:112 INFO  BasePage :33 - Launching Chrome Browser 
2021-06-28 13:06:272 INFO  HomePage :34 - Clicking on Bank Manager Login Button[[ChromeDriver: chrome on WINDOWS (d57fd15bcca9fc1a2023d1fbeb15bdba)] -> xpath: //button[text()='Bank Manager Login']]
2021-06-28 13:06:269 INFO  HomePage :23 - Clicking on add to Customer Tab[[ChromeDriver: chrome on WINDOWS (d57fd15bcca9fc1a2023d1fbeb15bdba)] -> xpath: //body[1]/div[3]/div[1]/div[2]/div[1]/div[1]/button[1]]
2021-06-28 13:06:624 INFO  HomePage :27 - Enter First Name[[ChromeDriver: chrome on WINDOWS (d57fd15bcca9fc1a2023d1fbeb15bdba)] -> xpath: //body[1]/div[3]/div[1]/div[2]/div[1]/div[2]/div[1]/div[1]/form[1]/div[1]/input[1]]
2021-06-28 13:06:777 INFO  HomePage :32 - Enter Last Name[[ChromeDriver: chrome on WINDOWS (d57fd15bcca9fc1a2023d1fbeb15bdba)] -> xpath: //input[@placeholder='Last Name']]
2021-06-28 13:06:941 INFO  HomePage :37 - Enter post code[[ChromeDriver: chrome on WINDOWS (d57fd15bcca9fc1a2023d1fbeb15bdba)] -> xpath: //body[1]/div[3]/div[1]/div[2]/div[1]/div[2]/div[1]/div[1]/form[1]/div[3]/input[1]]
2021-06-28 13:06:975 INFO  HomePage :41 - Click On Add Customer button[[ChromeDriver: chrome on WINDOWS (d57fd15bcca9fc1a2023d1fbeb15bdba)] -> xpath: //body[1]/div[3]/div[1]/div[2]/div[1]/div[2]/div[1]/div[1]/form[1]/button[1]]
2021-06-28 13:06:749 INFO  BasePage :33 - Launching Chrome Browser 
2021-06-28 13:06:695 INFO  HomePage :34 - Clicking on Bank Manager Login Button[[ChromeDriver: chrome on WINDOWS (1e0f6d53ccc626a7d5a4f52a80dba889)] -> xpath: //button[text()='Bank Manager Login']]
2021-06-28 13:06:698 INFO  HomePage :23 - Clicking on add to Customer Tab[[ChromeDriver: chrome on WINDOWS (1e0f6d53ccc626a7d5a4f52a80dba889)] -> xpath: //body[1]/div[3]/div[1]/div[2]/div[1]/div[1]/button[1]]
2021-06-28 13:06:89 INFO  HomePage :27 - Enter First Name[[ChromeDriver: chrome on WINDOWS (1e0f6d53ccc626a7d5a4f52a80dba889)] -> xpath: //body[1]/div[3]/div[1]/div[2]/div[1]/div[2]/div[1]/div[1]/form[1]/div[1]/input[1]]
2021-06-28 13:06:260 INFO  HomePage :32 - Enter Last Name[[ChromeDriver: chrome on WINDOWS (1e0f6d53ccc626a7d5a4f52a80dba889)] -> xpath: //input[@placeholder='Last Name']]
2021-06-28 13:06:453 INFO  HomePage :37 - Enter post code[[ChromeDriver: chrome on WINDOWS (1e0f6d53ccc626a7d5a4f52a80dba889)] -> xpath: //body[1]/div[3]/div[1]/div[2]/div[1]/div[2]/div[1]/div[1]/form[1]/div[3]/input[1]]
2021-06-28 13:06:489 INFO  HomePage :41 - Click On Add Customer button[[ChromeDriver: chrome on WINDOWS (1e0f6d53ccc626a7d5a4f52a80dba889)] -> xpath: //body[1]/div[3]/div[1]/div[2]/div[1]/div[2]/div[1]/div[1]/form[1]/button[1]]
2021-06-28 13:06:795 INFO  HomePage :39 - Clicking on Bank Manager Login Button[[ChromeDriver: chrome on WINDOWS (1e0f6d53ccc626a7d5a4f52a80dba889)] -> xpath: //button[text()='Home']]
2021-06-28 13:06:943 INFO  HomePage :28 - Clicking on customer login button[[ChromeDriver: chrome on WINDOWS (1e0f6d53ccc626a7d5a4f52a80dba889)] -> xpath: //button[text()='Customer Login']]
2021-06-28 13:06:404 INFO  AddCustomerPage :34 - clicking on customer name[[ChromeDriver: chrome on WINDOWS (1e0f6d53ccc626a7d5a4f52a80dba889)] -> xpath: //option[text()='Jarul Mehta']][[ChromeDriver: chrome on WINDOWS (1e0f6d53ccc626a7d5a4f52a80dba889)] -> xpath: //select[@id = 'userSelect']]
2021-06-28 13:06:556 INFO  HomePage :34 - Clicking on add to Customer Tab[[ChromeDriver: chrome on WINDOWS (1e0f6d53ccc626a7d5a4f52a80dba889)] -> xpath: //button[@class = 'btn btn-default']]
2021-06-28 13:06:605 INFO  HomePage :22 - verifying logout tab[[ChromeDriver: chrome on WINDOWS (1e0f6d53ccc626a7d5a4f52a80dba889)] -> xpath: //button[text()='Logout']]
2021-06-28 13:06:793 INFO  HomePage :36 - click on logout button[[ChromeDriver: chrome on WINDOWS (1e0f6d53ccc626a7d5a4f52a80dba889)] -> xpath: //button[text()='Logout']]
2021-06-28 13:06:825 INFO  HomePage :28 - verifying your name text[[ChromeDriver: chrome on WINDOWS (1e0f6d53ccc626a7d5a4f52a80dba889)] -> xpath: //label[contains(text() , 'Your Name :')]]
2021-06-28 13:06:953 INFO  BasePage :33 - Launching Chrome Browser 
2021-06-28 13:06:81 INFO  HomePage :34 - Clicking on Bank Manager Login Button[[ChromeDriver: chrome on WINDOWS (759c850d440cd8fb56df63ee107f5380)] -> xpath: //button[text()='Bank Manager Login']]
2021-06-28 13:06:994 INFO  HomePage :23 - Clicking on add to Customer Tab[[ChromeDriver: chrome on WINDOWS (759c850d440cd8fb56df63ee107f5380)] -> xpath: //body[1]/div[3]/div[1]/div[2]/div[1]/div[1]/button[1]]
2021-06-28 13:06:304 INFO  HomePage :27 - Enter First Name[[ChromeDriver: chrome on WINDOWS (759c850d440cd8fb56df63ee107f5380)] -> xpath: //body[1]/div[3]/div[1]/div[2]/div[1]/div[2]/div[1]/div[1]/form[1]/div[1]/input[1]]
2021-06-28 13:06:437 INFO  HomePage :32 - Enter Last Name[[ChromeDriver: chrome on WINDOWS (759c850d440cd8fb56df63ee107f5380)] -> xpath: //input[@placeholder='Last Name']]
2021-06-28 13:06:605 INFO  HomePage :37 - Enter post code[[ChromeDriver: chrome on WINDOWS (759c850d440cd8fb56df63ee107f5380)] -> xpath: //body[1]/div[3]/div[1]/div[2]/div[1]/div[2]/div[1]/div[1]/form[1]/div[3]/input[1]]
2021-06-28 13:06:636 INFO  HomePage :41 - Click On Add Customer button[[ChromeDriver: chrome on WINDOWS (759c850d440cd8fb56df63ee107f5380)] -> xpath: //body[1]/div[3]/div[1]/div[2]/div[1]/div[2]/div[1]/div[1]/form[1]/button[1]]
2021-06-28 13:06:930 INFO  HomePage :39 - Clicking on Bank Manager Login Button[[ChromeDriver: chrome on WINDOWS (759c850d440cd8fb56df63ee107f5380)] -> xpath: //button[text()='Home']]
2021-06-28 13:06:81 INFO  HomePage :28 - Clicking on customer login button[[ChromeDriver: chrome on WINDOWS (759c850d440cd8fb56df63ee107f5380)] -> xpath: //button[text()='Customer Login']]
2021-06-28 13:06:836 INFO  AddCustomerPage :34 - clicking on customer name[[ChromeDriver: chrome on WINDOWS (759c850d440cd8fb56df63ee107f5380)] -> xpath: //option[text()='Jarul Mehta']][[ChromeDriver: chrome on WINDOWS (759c850d440cd8fb56df63ee107f5380)] -> xpath: //select[@id = 'userSelect']]
2021-06-28 13:06:971 INFO  HomePage :34 - Clicking on add to Customer Tab[[ChromeDriver: chrome on WINDOWS (759c850d440cd8fb56df63ee107f5380)] -> xpath: //button[@class = 'btn btn-default']]
2021-06-28 13:06:12 INFO  HomePage :22 - verifying logout tab[[ChromeDriver: chrome on WINDOWS (759c850d440cd8fb56df63ee107f5380)] -> xpath: //button[text()='Logout']]
2021-06-28 13:06:178 INFO  HomePage :36 - click on logout button[[ChromeDriver: chrome on WINDOWS (759c850d440cd8fb56df63ee107f5380)] -> xpath: //button[text()='Logout']]
2021-06-28 13:06:213 INFO  HomePage :28 - verifying your name text[[ChromeDriver: chrome on WINDOWS (759c850d440cd8fb56df63ee107f5380)] -> xpath: //label[contains(text() , 'Your Name :')]]
2021-06-28 13:06:274 INFO  BasePage :33 - Launching Chrome Browser 
2021-06-28 13:06:479 INFO  HomePage :34 - Clicking on Bank Manager Login Button[[ChromeDriver: chrome on WINDOWS (06b66100e64b286237cb868d651eb987)] -> xpath: //button[text()='Bank Manager Login']]
2021-06-28 13:06:497 INFO  HomePage :23 - Clicking on add to Customer Tab[[ChromeDriver: chrome on WINDOWS (06b66100e64b286237cb868d651eb987)] -> xpath: //body[1]/div[3]/div[1]/div[2]/div[1]/div[1]/button[1]]
2021-06-28 13:06:831 INFO  HomePage :27 - Enter First Name[[ChromeDriver: chrome on WINDOWS (06b66100e64b286237cb868d651eb987)] -> xpath: //body[1]/div[3]/div[1]/div[2]/div[1]/div[2]/div[1]/div[1]/form[1]/div[1]/input[1]]
2021-06-28 13:06:980 INFO  HomePage :32 - Enter Last Name[[ChromeDriver: chrome on WINDOWS (06b66100e64b286237cb868d651eb987)] -> xpath: //input[@placeholder='Last Name']]
2021-06-28 13:06:163 INFO  HomePage :37 - Enter post code[[ChromeDriver: chrome on WINDOWS (06b66100e64b286237cb868d651eb987)] -> xpath: //body[1]/div[3]/div[1]/div[2]/div[1]/div[2]/div[1]/div[1]/form[1]/div[3]/input[1]]
2021-06-28 13:06:208 INFO  HomePage :41 - Click On Add Customer button[[ChromeDriver: chrome on WINDOWS (06b66100e64b286237cb868d651eb987)] -> xpath: //body[1]/div[3]/div[1]/div[2]/div[1]/div[2]/div[1]/div[1]/form[1]/button[1]]
2021-06-28 13:06:508 INFO  HomePage :39 - Clicking on Bank Manager Login Button[[ChromeDriver: chrome on WINDOWS (06b66100e64b286237cb868d651eb987)] -> xpath: //button[text()='Home']]
2021-06-28 13:06:636 INFO  HomePage :28 - Clicking on customer login button[[ChromeDriver: chrome on WINDOWS (06b66100e64b286237cb868d651eb987)] -> xpath: //button[text()='Customer Login']]
2021-06-28 13:06:62 INFO  AddCustomerPage :34 - clicking on customer name[[ChromeDriver: chrome on WINDOWS (06b66100e64b286237cb868d651eb987)] -> xpath: //option[text()='Jarul Mehta']][[ChromeDriver: chrome on WINDOWS (06b66100e64b286237cb868d651eb987)] -> xpath: //select[@id = 'userSelect']]
2021-06-28 13:06:189 INFO  HomePage :34 - Clicking on add to Customer Tab[[ChromeDriver: chrome on WINDOWS (06b66100e64b286237cb868d651eb987)] -> xpath: //button[@class = 'btn btn-default']]
2021-06-28 14:06:385 INFO  BasePage :33 - Launching Chrome Browser 
2021-06-28 14:06:581 INFO  HomePage :34 - Clicking on Bank Manager Login Button[[ChromeDriver: chrome on WINDOWS (dab06ee3909984d169c99ace84071076)] -> xpath: //button[text()='Bank Manager Login']]
2021-06-28 14:06:481 INFO  HomePage :23 - Clicking on add to Customer Tab[[ChromeDriver: chrome on WINDOWS (dab06ee3909984d169c99ace84071076)] -> xpath: //body[1]/div[3]/div[1]/div[2]/div[1]/div[1]/button[1]]
2021-06-28 14:06:928 INFO  HomePage :27 - Enter First Name[[ChromeDriver: chrome on WINDOWS (dab06ee3909984d169c99ace84071076)] -> xpath: //body[1]/div[3]/div[1]/div[2]/div[1]/div[2]/div[1]/div[1]/form[1]/div[1]/input[1]]
2021-06-28 14:06:91 INFO  HomePage :32 - Enter Last Name[[ChromeDriver: chrome on WINDOWS (dab06ee3909984d169c99ace84071076)] -> xpath: //input[@placeholder='Last Name']]
2021-06-28 14:06:247 INFO  HomePage :37 - Enter post code[[ChromeDriver: chrome on WINDOWS (dab06ee3909984d169c99ace84071076)] -> xpath: //body[1]/div[3]/div[1]/div[2]/div[1]/div[2]/div[1]/div[1]/form[1]/div[3]/input[1]]
2021-06-28 14:06:281 INFO  HomePage :41 - Click On Add Customer button[[ChromeDriver: chrome on WINDOWS (dab06ee3909984d169c99ace84071076)] -> xpath: //body[1]/div[3]/div[1]/div[2]/div[1]/div[2]/div[1]/div[1]/form[1]/button[1]]
2021-06-28 14:06:564 INFO  HomePage :39 - Clicking on Bank Manager Login Button[[ChromeDriver: chrome on WINDOWS (dab06ee3909984d169c99ace84071076)] -> xpath: //button[text()='Home']]
2021-06-28 14:06:691 INFO  HomePage :28 - Clicking on customer login button[[ChromeDriver: chrome on WINDOWS (dab06ee3909984d169c99ace84071076)] -> xpath: //button[text()='Customer Login']]
2021-06-28 14:06:37 INFO  AddCustomerPage :34 - clicking on customer name[[ChromeDriver: chrome on WINDOWS (dab06ee3909984d169c99ace84071076)] -> xpath: //option[text()='Jarul Mehta']][[ChromeDriver: chrome on WINDOWS (dab06ee3909984d169c99ace84071076)] -> xpath: //select[@id = 'userSelect']]
2021-06-28 14:06:183 INFO  HomePage :34 - Clicking on add to Customer Tab[[ChromeDriver: chrome on WINDOWS (dab06ee3909984d169c99ace84071076)] -> xpath: //button[@class = 'btn btn-default']]
2021-06-28 14:06:70 INFO  BasePage :33 - Launching Chrome Browser 
2021-06-28 14:06:216 INFO  HomePage :34 - Clicking on Bank Manager Login Button[[ChromeDriver: chrome on WINDOWS (2867a4bb46b3ab67f95e00d3015c8012)] -> xpath: //button[text()='Bank Manager Login']]
2021-06-28 14:06:115 INFO  HomePage :23 - Clicking on add to Customer Tab[[ChromeDriver: chrome on WINDOWS (2867a4bb46b3ab67f95e00d3015c8012)] -> xpath: //body[1]/div[3]/div[1]/div[2]/div[1]/div[1]/button[1]]
2021-06-28 14:06:436 INFO  HomePage :27 - Enter First Name[[ChromeDriver: chrome on WINDOWS (2867a4bb46b3ab67f95e00d3015c8012)] -> xpath: //body[1]/div[3]/div[1]/div[2]/div[1]/div[2]/div[1]/div[1]/form[1]/div[1]/input[1]]
2021-06-28 14:06:579 INFO  HomePage :32 - Enter Last Name[[ChromeDriver: chrome on WINDOWS (2867a4bb46b3ab67f95e00d3015c8012)] -> xpath: //input[@placeholder='Last Name']]
2021-06-28 14:06:748 INFO  HomePage :37 - Enter post code[[ChromeDriver: chrome on WINDOWS (2867a4bb46b3ab67f95e00d3015c8012)] -> xpath: //body[1]/div[3]/div[1]/div[2]/div[1]/div[2]/div[1]/div[1]/form[1]/div[3]/input[1]]
2021-06-28 14:06:785 INFO  HomePage :41 - Click On Add Customer button[[ChromeDriver: chrome on WINDOWS (2867a4bb46b3ab67f95e00d3015c8012)] -> xpath: //body[1]/div[3]/div[1]/div[2]/div[1]/div[2]/div[1]/div[1]/form[1]/button[1]]
2021-06-28 14:06:87 INFO  HomePage :39 - Clicking on Bank Manager Login Button[[ChromeDriver: chrome on WINDOWS (2867a4bb46b3ab67f95e00d3015c8012)] -> xpath: //button[text()='Home']]
2021-06-28 14:06:205 INFO  HomePage :28 - Clicking on customer login button[[ChromeDriver: chrome on WINDOWS (2867a4bb46b3ab67f95e00d3015c8012)] -> xpath: //button[text()='Customer Login']]
2021-06-28 14:06:643 INFO  AddCustomerPage :34 - clicking on customer name[[ChromeDriver: chrome on WINDOWS (2867a4bb46b3ab67f95e00d3015c8012)] -> xpath: //option[text()='Jarul Mehta']][[ChromeDriver: chrome on WINDOWS (2867a4bb46b3ab67f95e00d3015c8012)] -> xpath: //select[@id = 'userSelect']]
2021-06-28 14:06:761 INFO  HomePage :34 - Clicking on add to Customer Tab[[ChromeDriver: chrome on WINDOWS (2867a4bb46b3ab67f95e00d3015c8012)] -> xpath: //button[@class = 'btn btn-default']]
2021-06-28 14:06:939 INFO  BasePage :33 - Launching Chrome Browser 
2021-06-28 14:06:253 INFO  HomePage :34 - Clicking on Bank Manager Login ButtonProxy element for: DefaultElementLocator 'By.xpath: //button[text()='Bank Manager Login']'
2021-06-28 14:06:401 INFO  HomePage :23 - Clicking on add to Customer Tab[[ChromeDriver: chrome on WINDOWS (fa1ba8f56e48ea7f8d54f25292d3794a)] -> xpath: //body[1]/div[3]/div[1]/div[2]/div[1]/div[1]/button[1]]
2021-06-28 14:06:900 INFO  HomePage :27 - Enter First Name[[ChromeDriver: chrome on WINDOWS (fa1ba8f56e48ea7f8d54f25292d3794a)] -> xpath: //body[1]/div[3]/div[1]/div[2]/div[1]/div[2]/div[1]/div[1]/form[1]/div[1]/input[1]]
2021-06-28 14:06:36 INFO  HomePage :32 - Enter Last Name[[ChromeDriver: chrome on WINDOWS (fa1ba8f56e48ea7f8d54f25292d3794a)] -> xpath: //input[@placeholder='Last Name']]
2021-06-28 14:06:190 INFO  HomePage :37 - Enter post code[[ChromeDriver: chrome on WINDOWS (fa1ba8f56e48ea7f8d54f25292d3794a)] -> xpath: //body[1]/div[3]/div[1]/div[2]/div[1]/div[2]/div[1]/div[1]/form[1]/div[3]/input[1]]
2021-06-28 14:06:226 INFO  HomePage :41 - Click On Add Customer button[[ChromeDriver: chrome on WINDOWS (fa1ba8f56e48ea7f8d54f25292d3794a)] -> xpath: //body[1]/div[3]/div[1]/div[2]/div[1]/div[2]/div[1]/div[1]/form[1]/button[1]]
2021-06-28 14:06:549 INFO  HomePage :39 - Clicking on Bank Manager Login Button[[ChromeDriver: chrome on WINDOWS (fa1ba8f56e48ea7f8d54f25292d3794a)] -> xpath: //button[text()='Home']]
2021-06-28 14:06:703 INFO  HomePage :28 - Clicking on customer login button[[ChromeDriver: chrome on WINDOWS (fa1ba8f56e48ea7f8d54f25292d3794a)] -> xpath: //button[text()='Customer Login']]
2021-06-28 14:06:195 INFO  AddCustomerPage :34 - clicking on customer name[[ChromeDriver: chrome on WINDOWS (fa1ba8f56e48ea7f8d54f25292d3794a)] -> xpath: //option[text()='Jarul Mehta']][[ChromeDriver: chrome on WINDOWS (fa1ba8f56e48ea7f8d54f25292d3794a)] -> xpath: //select[@id = 'userSelect']]
2021-06-28 14:06:335 INFO  HomePage :34 - Clicking on add to Customer Tab[[ChromeDriver: chrome on WINDOWS (fa1ba8f56e48ea7f8d54f25292d3794a)] -> xpath: //button[@class = 'btn btn-default']]
2021-06-28 14:06:967 INFO  BasePage :33 - Launching Chrome Browser 
2021-06-28 14:06:240 INFO  HomePage :34 - Clicking on Bank Manager Login Button[[ChromeDriver: chrome on WINDOWS (7e65cf0f4e459a5f70b30de2b076d0c5)] -> xpath: //button[text()='Bank Manager Login']]
2021-06-28 14:06:75 INFO  HomePage :23 - Clicking on add to Customer Tab[[ChromeDriver: chrome on WINDOWS (7e65cf0f4e459a5f70b30de2b076d0c5)] -> xpath: //body[1]/div[3]/div[1]/div[2]/div[1]/div[1]/button[1]]
2021-06-28 14:06:347 INFO  HomePage :27 - Enter First Name[[ChromeDriver: chrome on WINDOWS (7e65cf0f4e459a5f70b30de2b076d0c5)] -> xpath: //body[1]/div[3]/div[1]/div[2]/div[1]/div[2]/div[1]/div[1]/form[1]/div[1]/input[1]]
2021-06-28 14:06:479 INFO  HomePage :32 - Enter Last Name[[ChromeDriver: chrome on WINDOWS (7e65cf0f4e459a5f70b30de2b076d0c5)] -> xpath: //input[@placeholder='Last Name']]
2021-06-28 14:06:624 INFO  HomePage :37 - Enter post code[[ChromeDriver: chrome on WINDOWS (7e65cf0f4e459a5f70b30de2b076d0c5)] -> xpath: //body[1]/div[3]/div[1]/div[2]/div[1]/div[2]/div[1]/div[1]/form[1]/div[3]/input[1]]
2021-06-28 14:06:678 INFO  HomePage :41 - Click On Add Customer button[[ChromeDriver: chrome on WINDOWS (7e65cf0f4e459a5f70b30de2b076d0c5)] -> xpath: //body[1]/div[3]/div[1]/div[2]/div[1]/div[2]/div[1]/div[1]/form[1]/button[1]]
2021-06-28 14:06:960 INFO  HomePage :39 - Clicking on Bank Manager Login Button[[ChromeDriver: chrome on WINDOWS (7e65cf0f4e459a5f70b30de2b076d0c5)] -> xpath: //button[text()='Home']]
2021-06-28 14:06:92 INFO  HomePage :28 - Clicking on customer login button[[ChromeDriver: chrome on WINDOWS (7e65cf0f4e459a5f70b30de2b076d0c5)] -> xpath: //button[text()='Customer Login']]
2021-06-28 14:06:512 INFO  AddCustomerPage :34 - clicking on customer name[[ChromeDriver: chrome on WINDOWS (7e65cf0f4e459a5f70b30de2b076d0c5)] -> xpath: //option[text()='Jarul Mehta']][[ChromeDriver: chrome on WINDOWS (7e65cf0f4e459a5f70b30de2b076d0c5)] -> xpath: //select[@id = 'userSelect']]
2021-06-28 14:06:653 INFO  HomePage :34 - Clicking on add to Customer Tab[[ChromeDriver: chrome on WINDOWS (7e65cf0f4e459a5f70b30de2b076d0c5)] -> xpath: //button[@class = 'btn btn-default']]
2021-06-28 14:06:329 INFO  BasePage :33 - Launching Chrome Browser 
2021-06-28 14:06:403 INFO  HomePage :34 - Clicking on Bank Manager Login Button[[ChromeDriver: chrome on WINDOWS (4c8e5cb1c9bef39b6f5f61599926cc46)] -> xpath: //button[text()='Bank Manager Login']]
2021-06-28 14:06:314 INFO  HomePage :23 - Clicking on add to Customer Tab[[ChromeDriver: chrome on WINDOWS (4c8e5cb1c9bef39b6f5f61599926cc46)] -> xpath: //body[1]/div[3]/div[1]/div[2]/div[1]/div[1]/button[1]]
2021-06-28 14:06:675 INFO  HomePage :27 - Enter First Name[[ChromeDriver: chrome on WINDOWS (4c8e5cb1c9bef39b6f5f61599926cc46)] -> xpath: //body[1]/div[3]/div[1]/div[2]/div[1]/div[2]/div[1]/div[1]/form[1]/div[1]/input[1]]
2021-06-28 14:06:832 INFO  HomePage :32 - Enter Last Name[[ChromeDriver: chrome on WINDOWS (4c8e5cb1c9bef39b6f5f61599926cc46)] -> xpath: //input[@placeholder='Last Name']]
2021-06-28 14:06:00 INFO  HomePage :37 - Enter post code[[ChromeDriver: chrome on WINDOWS (4c8e5cb1c9bef39b6f5f61599926cc46)] -> xpath: //body[1]/div[3]/div[1]/div[2]/div[1]/div[2]/div[1]/div[1]/form[1]/div[3]/input[1]]
2021-06-28 14:06:23 INFO  HomePage :41 - Click On Add Customer button[[ChromeDriver: chrome on WINDOWS (4c8e5cb1c9bef39b6f5f61599926cc46)] -> xpath: //body[1]/div[3]/div[1]/div[2]/div[1]/div[2]/div[1]/div[1]/form[1]/button[1]]
2021-06-28 14:06:322 INFO  HomePage :39 - Clicking on Bank Manager Login Button[[ChromeDriver: chrome on WINDOWS (4c8e5cb1c9bef39b6f5f61599926cc46)] -> xpath: //button[text()='Home']]
2021-06-28 14:06:443 INFO  HomePage :28 - Clicking on customer login button[[ChromeDriver: chrome on WINDOWS (4c8e5cb1c9bef39b6f5f61599926cc46)] -> xpath: //button[text()='Customer Login']]
2021-06-28 14:06:873 INFO  AddCustomerPage :34 - clicking on customer name[[ChromeDriver: chrome on WINDOWS (4c8e5cb1c9bef39b6f5f61599926cc46)] -> xpath: //option[text()='Jarul Mehta']][[ChromeDriver: chrome on WINDOWS (4c8e5cb1c9bef39b6f5f61599926cc46)] -> xpath: //select[@id = 'userSelect']]
2021-06-28 14:06:30 INFO  HomePage :34 - Clicking on add to Customer Tab[[ChromeDriver: chrome on WINDOWS (4c8e5cb1c9bef39b6f5f61599926cc46)] -> xpath: //button[@class = 'btn btn-default']]
2021-06-28 14:06:528 INFO  BasePage :33 - Launching Chrome Browser 
2021-06-28 14:06:611 INFO  HomePage :34 - Clicking on Bank Manager Login Button[[ChromeDriver: chrome on WINDOWS (1929cce6e85cf8fd1905dfa8f357d8db)] -> xpath: //button[text()='Bank Manager Login']]
2021-06-28 14:06:596 INFO  HomePage :23 - Clicking on add to Customer Tab[[ChromeDriver: chrome on WINDOWS (1929cce6e85cf8fd1905dfa8f357d8db)] -> xpath: //body[1]/div[3]/div[1]/div[2]/div[1]/div[1]/button[1]]
2021-06-28 14:06:929 INFO  HomePage :27 - Enter First Name[[ChromeDriver: chrome on WINDOWS (1929cce6e85cf8fd1905dfa8f357d8db)] -> xpath: //body[1]/div[3]/div[1]/div[2]/div[1]/div[2]/div[1]/div[1]/form[1]/div[1]/input[1]]
2021-06-28 14:06:47 INFO  HomePage :32 - Enter Last Name[[ChromeDriver: chrome on WINDOWS (1929cce6e85cf8fd1905dfa8f357d8db)] -> xpath: //input[@placeholder='Last Name']]
2021-06-28 14:06:222 INFO  HomePage :37 - Enter post code[[ChromeDriver: chrome on WINDOWS (1929cce6e85cf8fd1905dfa8f357d8db)] -> xpath: //body[1]/div[3]/div[1]/div[2]/div[1]/div[2]/div[1]/div[1]/form[1]/div[3]/input[1]]
2021-06-28 14:06:270 INFO  HomePage :41 - Click On Add Customer button[[ChromeDriver: chrome on WINDOWS (1929cce6e85cf8fd1905dfa8f357d8db)] -> xpath: //body[1]/div[3]/div[1]/div[2]/div[1]/div[2]/div[1]/div[1]/form[1]/button[1]]
2021-06-28 14:06:612 INFO  HomePage :39 - Clicking on Bank Manager Login Button[[ChromeDriver: chrome on WINDOWS (1929cce6e85cf8fd1905dfa8f357d8db)] -> xpath: //button[text()='Home']]
2021-06-28 14:06:769 INFO  HomePage :28 - Clicking on customer login button[[ChromeDriver: chrome on WINDOWS (1929cce6e85cf8fd1905dfa8f357d8db)] -> xpath: //button[text()='Customer Login']]
2021-06-28 14:06:113 INFO  AddCustomerPage :34 - clicking on customer name[[ChromeDriver: chrome on WINDOWS (1929cce6e85cf8fd1905dfa8f357d8db)] -> xpath: //option[text()='Jarul Mehta']][[ChromeDriver: chrome on WINDOWS (1929cce6e85cf8fd1905dfa8f357d8db)] -> xpath: //select[@id = 'userSelect']]
2021-06-28 14:06:282 INFO  HomePage :34 - Clicking on add to Customer Tab[[ChromeDriver: chrome on WINDOWS (1929cce6e85cf8fd1905dfa8f357d8db)] -> xpath: //button[@class = 'btn btn-default']]
2021-06-28 14:06:328 INFO  HomePage :22 - verifying logout tab[[ChromeDriver: chrome on WINDOWS (1929cce6e85cf8fd1905dfa8f357d8db)] -> xpath: //button[text()='Logout']]
2021-06-28 14:06:508 INFO  HomePage :36 - click on logout button[[ChromeDriver: chrome on WINDOWS (1929cce6e85cf8fd1905dfa8f357d8db)] -> xpath: //button[text()='Logout']]
2021-06-28 14:06:554 INFO  HomePage :28 - verifying your name text[[ChromeDriver: chrome on WINDOWS (1929cce6e85cf8fd1905dfa8f357d8db)] -> xpath: //label[contains(text() , 'Your Name :')]]
2021-06-28 14:06:351 INFO  BasePage :33 - Launching Chrome Browser 
2021-06-28 14:06:460 INFO  HomePage :34 - Clicking on Bank Manager Login Button[[ChromeDriver: chrome on WINDOWS (e54d76e76fdd0c6b685227cc32b988a7)] -> xpath: //button[text()='Bank Manager Login']]
2021-06-28 14:06:948 INFO  HomePage :23 - Clicking on add to Customer Tab[[ChromeDriver: chrome on WINDOWS (e54d76e76fdd0c6b685227cc32b988a7)] -> xpath: //body[1]/div[3]/div[1]/div[2]/div[1]/div[1]/button[1]]
2021-06-28 14:06:267 INFO  HomePage :27 - Enter First Name[[ChromeDriver: chrome on WINDOWS (e54d76e76fdd0c6b685227cc32b988a7)] -> xpath: //body[1]/div[3]/div[1]/div[2]/div[1]/div[2]/div[1]/div[1]/form[1]/div[1]/input[1]]
2021-06-28 14:06:350 INFO  HomePage :32 - Enter Last Name[[ChromeDriver: chrome on WINDOWS (e54d76e76fdd0c6b685227cc32b988a7)] -> xpath: //input[@placeholder='Last Name']]
2021-06-28 14:06:457 INFO  HomePage :37 - Enter post code[[ChromeDriver: chrome on WINDOWS (e54d76e76fdd0c6b685227cc32b988a7)] -> xpath: //body[1]/div[3]/div[1]/div[2]/div[1]/div[2]/div[1]/div[1]/form[1]/div[3]/input[1]]
2021-06-28 14:06:484 INFO  HomePage :41 - Click On Add Customer button[[ChromeDriver: chrome on WINDOWS (e54d76e76fdd0c6b685227cc32b988a7)] -> xpath: //body[1]/div[3]/div[1]/div[2]/div[1]/div[2]/div[1]/div[1]/form[1]/button[1]]
2021-06-28 14:06:695 INFO  HomePage :39 - Clicking on Bank Manager Login Button[[ChromeDriver: chrome on WINDOWS (e54d76e76fdd0c6b685227cc32b988a7)] -> xpath: //button[text()='Home']]
2021-06-28 14:06:806 INFO  HomePage :28 - Clicking on customer login button[[ChromeDriver: chrome on WINDOWS (e54d76e76fdd0c6b685227cc32b988a7)] -> xpath: //button[text()='Customer Login']]
2021-06-28 14:06:223 INFO  AddCustomerPage :34 - clicking on customer name[[ChromeDriver: chrome on WINDOWS (e54d76e76fdd0c6b685227cc32b988a7)] -> xpath: //option[text()='Jarul Mehta']][[ChromeDriver: chrome on WINDOWS (e54d76e76fdd0c6b685227cc32b988a7)] -> xpath: //select[@id = 'userSelect']]
2021-06-28 14:06:355 INFO  HomePage :34 - Clicking on add to Customer Tab[[ChromeDriver: chrome on WINDOWS (e54d76e76fdd0c6b685227cc32b988a7)] -> xpath: //button[@class = 'btn btn-default']]
2021-06-28 14:06:522 INFO  BasePage :33 - Launching Chrome Browser 
2021-06-28 14:06:963 INFO  HomePage :34 - Clicking on Bank Manager Login ButtonProxy element for: DefaultElementLocator 'By.xpath: //button[text()='Bank Manager Login']'
2021-06-28 14:06:92 INFO  HomePage :23 - Clicking on add to Customer Tab[[ChromeDriver: chrome on WINDOWS (ee866ec59512908dd3bc546dbf140319)] -> xpath: //body[1]/div[3]/div[1]/div[2]/div[1]/div[1]/button[1]]
2021-06-28 14:06:616 INFO  HomePage :27 - Enter First Name[[ChromeDriver: chrome on WINDOWS (ee866ec59512908dd3bc546dbf140319)] -> xpath: //body[1]/div[3]/div[1]/div[2]/div[1]/div[2]/div[1]/div[1]/form[1]/div[1]/input[1]]
2021-06-28 14:06:762 INFO  HomePage :32 - Enter Last Name[[ChromeDriver: chrome on WINDOWS (ee866ec59512908dd3bc546dbf140319)] -> xpath: //input[@placeholder='Last Name']]
2021-06-28 14:06:914 INFO  HomePage :37 - Enter post code[[ChromeDriver: chrome on WINDOWS (ee866ec59512908dd3bc546dbf140319)] -> xpath: //body[1]/div[3]/div[1]/div[2]/div[1]/div[2]/div[1]/div[1]/form[1]/div[3]/input[1]]
2021-06-28 14:06:962 INFO  HomePage :41 - Click On Add Customer button[[ChromeDriver: chrome on WINDOWS (ee866ec59512908dd3bc546dbf140319)] -> xpath: //body[1]/div[3]/div[1]/div[2]/div[1]/div[2]/div[1]/div[1]/form[1]/button[1]]
2021-06-28 14:06:247 INFO  HomePage :39 - Clicking on Bank Manager Login Button[[ChromeDriver: chrome on WINDOWS (ee866ec59512908dd3bc546dbf140319)] -> xpath: //button[text()='Home']]
2021-06-28 14:06:398 INFO  HomePage :28 - Clicking on customer login button[[ChromeDriver: chrome on WINDOWS (ee866ec59512908dd3bc546dbf140319)] -> xpath: //button[text()='Customer Login']]
2021-06-28 14:06:867 INFO  AddCustomerPage :34 - clicking on customer name[[ChromeDriver: chrome on WINDOWS (ee866ec59512908dd3bc546dbf140319)] -> xpath: //option[text()='Jarul Mehta']][[ChromeDriver: chrome on WINDOWS (ee866ec59512908dd3bc546dbf140319)] -> xpath: //select[@id = 'userSelect']]
2021-06-28 14:06:32 INFO  HomePage :34 - Clicking on add to Customer Tab[[ChromeDriver: chrome on WINDOWS (ee866ec59512908dd3bc546dbf140319)] -> xpath: //button[@class = 'btn btn-default']]
2021-06-28 14:06:84 INFO  HomePage :22 - verifying logout tab[[ChromeDriver: chrome on WINDOWS (ee866ec59512908dd3bc546dbf140319)] -> xpath: //button[text()='Logout']]
2021-06-28 14:06:246 INFO  HomePage :36 - click on logout button[[ChromeDriver: chrome on WINDOWS (ee866ec59512908dd3bc546dbf140319)] -> xpath: //button[text()='Logout']]
2021-06-28 14:06:278 INFO  HomePage :28 - verifying your name text[[ChromeDriver: chrome on WINDOWS (ee866ec59512908dd3bc546dbf140319)] -> xpath: //label[contains(text() , 'Your Name :')]]
2021-06-28 14:06:75 INFO  BasePage :33 - Launching Chrome Browser 
2021-06-28 14:06:310 INFO  HomePage :34 - Clicking on Bank Manager Login Button[[ChromeDriver: chrome on WINDOWS (bcfc28a7b715ccfc8b094fb861244bdc)] -> xpath: //button[text()='Bank Manager Login']]
2021-06-28 14:06:118 INFO  HomePage :23 - Clicking on add to Customer Tab[[ChromeDriver: chrome on WINDOWS (bcfc28a7b715ccfc8b094fb861244bdc)] -> xpath: //body[1]/div[3]/div[1]/div[2]/div[1]/div[1]/button[1]]
2021-06-28 14:06:423 INFO  HomePage :27 - Enter First Name[[ChromeDriver: chrome on WINDOWS (bcfc28a7b715ccfc8b094fb861244bdc)] -> xpath: //body[1]/div[3]/div[1]/div[2]/div[1]/div[2]/div[1]/div[1]/form[1]/div[1]/input[1]]
2021-06-28 14:06:592 INFO  HomePage :32 - Enter Last Name[[ChromeDriver: chrome on WINDOWS (bcfc28a7b715ccfc8b094fb861244bdc)] -> xpath: //input[@placeholder='Last Name']]
2021-06-28 14:06:735 INFO  HomePage :37 - Enter post code[[ChromeDriver: chrome on WINDOWS (bcfc28a7b715ccfc8b094fb861244bdc)] -> xpath: //body[1]/div[3]/div[1]/div[2]/div[1]/div[2]/div[1]/div[1]/form[1]/div[3]/input[1]]
2021-06-28 14:06:752 INFO  HomePage :41 - Click On Add Customer button[[ChromeDriver: chrome on WINDOWS (bcfc28a7b715ccfc8b094fb861244bdc)] -> xpath: //body[1]/div[3]/div[1]/div[2]/div[1]/div[2]/div[1]/div[1]/form[1]/button[1]]
2021-06-28 14:06:30 INFO  HomePage :39 - Clicking on Bank Manager Login Button[[ChromeDriver: chrome on WINDOWS (bcfc28a7b715ccfc8b094fb861244bdc)] -> xpath: //button[text()='Home']]
2021-06-28 14:06:153 INFO  HomePage :28 - Clicking on customer login button[[ChromeDriver: chrome on WINDOWS (bcfc28a7b715ccfc8b094fb861244bdc)] -> xpath: //button[text()='Customer Login']]
2021-06-28 14:06:526 INFO  AddCustomerPage :34 - clicking on customer name[[ChromeDriver: chrome on WINDOWS (bcfc28a7b715ccfc8b094fb861244bdc)] -> xpath: //option[text()='Jarul Mehta']][[ChromeDriver: chrome on WINDOWS (bcfc28a7b715ccfc8b094fb861244bdc)] -> xpath: //select[@id = 'userSelect']]
2021-06-28 14:06:621 INFO  HomePage :34 - Clicking on add to Customer Tab[[ChromeDriver: chrome on WINDOWS (bcfc28a7b715ccfc8b094fb861244bdc)] -> xpath: //button[@class = 'btn btn-default']]
2021-06-28 14:06:403 INFO  BasePage :33 - Launching Chrome Browser 
2021-06-28 14:06:560 INFO  HomePage :34 - Clicking on Bank Manager Login Button[[ChromeDriver: chrome on WINDOWS (f5c625cb26c1d4d53b4409e3ae9564cc)] -> xpath: //button[text()='Bank Manager Login']]
2021-06-28 14:06:528 INFO  HomePage :23 - Clicking on add to Customer Tab[[ChromeDriver: chrome on WINDOWS (f5c625cb26c1d4d53b4409e3ae9564cc)] -> xpath: //body[1]/div[3]/div[1]/div[2]/div[1]/div[1]/button[1]]
2021-06-28 14:06:796 INFO  HomePage :27 - Enter First Name[[ChromeDriver: chrome on WINDOWS (f5c625cb26c1d4d53b4409e3ae9564cc)] -> xpath: //body[1]/div[3]/div[1]/div[2]/div[1]/div[2]/div[1]/div[1]/form[1]/div[1]/input[1]]
2021-06-28 14:06:934 INFO  HomePage :32 - Enter Last Name[[ChromeDriver: chrome on WINDOWS (f5c625cb26c1d4d53b4409e3ae9564cc)] -> xpath: //input[@placeholder='Last Name']]
2021-06-28 14:06:91 INFO  HomePage :37 - Enter post code[[ChromeDriver: chrome on WINDOWS (f5c625cb26c1d4d53b4409e3ae9564cc)] -> xpath: //body[1]/div[3]/div[1]/div[2]/div[1]/div[2]/div[1]/div[1]/form[1]/div[3]/input[1]]
2021-06-28 14:06:134 INFO  HomePage :41 - Click On Add Customer button[[ChromeDriver: chrome on WINDOWS (f5c625cb26c1d4d53b4409e3ae9564cc)] -> xpath: //body[1]/div[3]/div[1]/div[2]/div[1]/div[2]/div[1]/div[1]/form[1]/button[1]]
2021-06-28 14:06:437 INFO  HomePage :39 - Clicking on Bank Manager Login Button[[ChromeDriver: chrome on WINDOWS (f5c625cb26c1d4d53b4409e3ae9564cc)] -> xpath: //button[text()='Home']]
2021-06-28 14:06:578 INFO  HomePage :28 - Clicking on customer login button[[ChromeDriver: chrome on WINDOWS (f5c625cb26c1d4d53b4409e3ae9564cc)] -> xpath: //button[text()='Customer Login']]
2021-06-28 14:06:19 INFO  AddCustomerPage :34 - clicking on customer name[[ChromeDriver: chrome on WINDOWS (f5c625cb26c1d4d53b4409e3ae9564cc)] -> xpath: //option[text()='Jarul Mehta']][[ChromeDriver: chrome on WINDOWS (f5c625cb26c1d4d53b4409e3ae9564cc)] -> xpath: //select[@id = 'userSelect']]
2021-06-28 14:06:173 INFO  HomePage :34 - Clicking on add to Customer Tab[[ChromeDriver: chrome on WINDOWS (f5c625cb26c1d4d53b4409e3ae9564cc)] -> xpath: //button[@class = 'btn btn-default']]
2021-06-28 14:06:211 INFO  HomePage :22 - verifying logout tab[[ChromeDriver: chrome on WINDOWS (f5c625cb26c1d4d53b4409e3ae9564cc)] -> xpath: //button[text()='Logout']]
2021-06-28 14:06:394 INFO  HomePage :36 - click on logout button[[ChromeDriver: chrome on WINDOWS (f5c625cb26c1d4d53b4409e3ae9564cc)] -> xpath: //button[text()='Logout']]
2021-06-28 14:06:432 INFO  HomePage :28 - verifying your name text[[ChromeDriver: chrome on WINDOWS (f5c625cb26c1d4d53b4409e3ae9564cc)] -> xpath: //label[contains(text() , 'Your Name :')]]
2021-06-28 14:06:221 INFO  BasePage :33 - Launching Chrome Browser 
2021-06-28 14:06:290 INFO  HomePage :34 - Clicking on Bank Manager Login Button[[ChromeDriver: chrome on WINDOWS (df08c1dbbb4f9d88e6e286844bcf6255)] -> xpath: //button[text()='Bank Manager Login']]
2021-06-28 14:06:598 INFO  HomePage :23 - Clicking on add to Customer Tab[[ChromeDriver: chrome on WINDOWS (df08c1dbbb4f9d88e6e286844bcf6255)] -> xpath: //body[1]/div[3]/div[1]/div[2]/div[1]/div[1]/button[1]]
2021-06-28 14:06:902 INFO  HomePage :27 - Enter First Name[[ChromeDriver: chrome on WINDOWS (df08c1dbbb4f9d88e6e286844bcf6255)] -> xpath: //body[1]/div[3]/div[1]/div[2]/div[1]/div[2]/div[1]/div[1]/form[1]/div[1]/input[1]]
2021-06-28 14:06:21 INFO  HomePage :32 - Enter Last Name[[ChromeDriver: chrome on WINDOWS (df08c1dbbb4f9d88e6e286844bcf6255)] -> xpath: //input[@placeholder='Last Name']]
2021-06-28 14:06:150 INFO  HomePage :37 - Enter post code[[ChromeDriver: chrome on WINDOWS (df08c1dbbb4f9d88e6e286844bcf6255)] -> xpath: //body[1]/div[3]/div[1]/div[2]/div[1]/div[2]/div[1]/div[1]/form[1]/div[3]/input[1]]
2021-06-28 14:06:176 INFO  HomePage :41 - Click On Add Customer button[[ChromeDriver: chrome on WINDOWS (df08c1dbbb4f9d88e6e286844bcf6255)] -> xpath: //body[1]/div[3]/div[1]/div[2]/div[1]/div[2]/div[1]/div[1]/form[1]/button[1]]
2021-06-28 14:06:395 INFO  HomePage :39 - Clicking on Bank Manager Login Button[[ChromeDriver: chrome on WINDOWS (df08c1dbbb4f9d88e6e286844bcf6255)] -> xpath: //button[text()='Home']]
2021-06-28 14:06:532 INFO  HomePage :28 - Clicking on customer login button[[ChromeDriver: chrome on WINDOWS (df08c1dbbb4f9d88e6e286844bcf6255)] -> xpath: //button[text()='Customer Login']]
2021-06-28 14:06:932 INFO  AddCustomerPage :34 - clicking on customer name[[ChromeDriver: chrome on WINDOWS (df08c1dbbb4f9d88e6e286844bcf6255)] -> xpath: //option[text()='Jarul Mehta']][[ChromeDriver: chrome on WINDOWS (df08c1dbbb4f9d88e6e286844bcf6255)] -> xpath: //select[@id = 'userSelect']]
2021-06-28 14:06:65 INFO  HomePage :34 - Clicking on add to Customer Tab[[ChromeDriver: chrome on WINDOWS (df08c1dbbb4f9d88e6e286844bcf6255)] -> xpath: //button[@class = 'btn btn-default']]
2021-06-28 15:06:899 INFO  BasePage :33 - Launching Chrome Browser 
2021-06-28 15:06:613 INFO  HomePage :34 - Clicking on Bank Manager Login ButtonProxy element for: DefaultElementLocator 'By.xpath: //button[text()='Bank Manager Login']'
2021-06-28 15:06:738 INFO  HomePage :23 - Clicking on add to Customer Tab[[ChromeDriver: chrome on WINDOWS (6e71582a23b9da22bfeff025ca006076)] -> xpath: //body[1]/div[3]/div[1]/div[2]/div[1]/div[1]/button[1]]
2021-06-28 15:06:382 INFO  HomePage :27 - Enter First Name[[ChromeDriver: chrome on WINDOWS (6e71582a23b9da22bfeff025ca006076)] -> xpath: //body[1]/div[3]/div[1]/div[2]/div[1]/div[2]/div[1]/div[1]/form[1]/div[1]/input[1]]
2021-06-28 15:06:546 INFO  HomePage :32 - Enter Last Name[[ChromeDriver: chrome on WINDOWS (6e71582a23b9da22bfeff025ca006076)] -> xpath: //input[@placeholder='Last Name']]
2021-06-28 15:06:726 INFO  HomePage :37 - Enter post code[[ChromeDriver: chrome on WINDOWS (6e71582a23b9da22bfeff025ca006076)] -> xpath: //body[1]/div[3]/div[1]/div[2]/div[1]/div[2]/div[1]/div[1]/form[1]/div[3]/input[1]]
2021-06-28 15:06:759 INFO  HomePage :41 - Click On Add Customer button[[ChromeDriver: chrome on WINDOWS (6e71582a23b9da22bfeff025ca006076)] -> xpath: //body[1]/div[3]/div[1]/div[2]/div[1]/div[2]/div[1]/div[1]/form[1]/button[1]]
2021-06-28 15:06:46 INFO  HomePage :39 - Clicking on Bank Manager Login Button[[ChromeDriver: chrome on WINDOWS (6e71582a23b9da22bfeff025ca006076)] -> xpath: //button[text()='Home']]
2021-06-28 15:06:179 INFO  HomePage :28 - Clicking on customer login button[[ChromeDriver: chrome on WINDOWS (6e71582a23b9da22bfeff025ca006076)] -> xpath: //button[text()='Customer Login']]
2021-06-28 15:06:522 INFO  AddCustomerPage :34 - clicking on customer name[[ChromeDriver: chrome on WINDOWS (6e71582a23b9da22bfeff025ca006076)] -> xpath: //option[text()='Jarul Mehta']][[ChromeDriver: chrome on WINDOWS (6e71582a23b9da22bfeff025ca006076)] -> xpath: //select[@id = 'userSelect']]
2021-06-28 15:06:650 INFO  HomePage :34 - Clicking on add to Customer Tab[[ChromeDriver: chrome on WINDOWS (6e71582a23b9da22bfeff025ca006076)] -> xpath: //button[@class = 'btn btn-default']]
2021-06-28 15:06:594 INFO  BasePage :33 - Launching Chrome Browser 
2021-06-28 15:06:820 INFO  HomePage :34 - Clicking on Bank Manager Login Button[[ChromeDriver: chrome on WINDOWS (0a1ddf556d7a3398c57a2808c93c9bca)] -> xpath: //button[text()='Bank Manager Login']]
2021-06-28 15:06:465 INFO  HomePage :23 - Clicking on add to Customer Tab[[ChromeDriver: chrome on WINDOWS (0a1ddf556d7a3398c57a2808c93c9bca)] -> xpath: //body[1]/div[3]/div[1]/div[2]/div[1]/div[1]/button[1]]
2021-06-28 15:06:873 INFO  HomePage :27 - Enter First Name[[ChromeDriver: chrome on WINDOWS (0a1ddf556d7a3398c57a2808c93c9bca)] -> xpath: //body[1]/div[3]/div[1]/div[2]/div[1]/div[2]/div[1]/div[1]/form[1]/div[1]/input[1]]
2021-06-28 15:06:46 INFO  HomePage :32 - Enter Last Name[[ChromeDriver: chrome on WINDOWS (0a1ddf556d7a3398c57a2808c93c9bca)] -> xpath: //input[@placeholder='Last Name']]
2021-06-28 15:06:198 INFO  HomePage :37 - Enter post code[[ChromeDriver: chrome on WINDOWS (0a1ddf556d7a3398c57a2808c93c9bca)] -> xpath: //body[1]/div[3]/div[1]/div[2]/div[1]/div[2]/div[1]/div[1]/form[1]/div[3]/input[1]]
2021-06-28 15:06:229 INFO  HomePage :41 - Click On Add Customer button[[ChromeDriver: chrome on WINDOWS (0a1ddf556d7a3398c57a2808c93c9bca)] -> xpath: //body[1]/div[3]/div[1]/div[2]/div[1]/div[2]/div[1]/div[1]/form[1]/button[1]]
2021-06-28 15:06:505 INFO  HomePage :39 - Clicking on Bank Manager Login Button[[ChromeDriver: chrome on WINDOWS (0a1ddf556d7a3398c57a2808c93c9bca)] -> xpath: //button[text()='Home']]
2021-06-28 15:06:630 INFO  HomePage :28 - Clicking on customer login button[[ChromeDriver: chrome on WINDOWS (0a1ddf556d7a3398c57a2808c93c9bca)] -> xpath: //button[text()='Customer Login']]
2021-06-28 15:06:873 INFO  HomePage :29 - Clicking on add to Customer Tab[[ChromeDriver: chrome on WINDOWS (0a1ddf556d7a3398c57a2808c93c9bca)] -> xpath: //option[text()='Jarul Mehta']]
2021-06-28 15:06:80 INFO  AddCustomerPage :34 - clicking on customer name[[ChromeDriver: chrome on WINDOWS (0a1ddf556d7a3398c57a2808c93c9bca)] -> xpath: //option[text()='Jarul Mehta']][[ChromeDriver: chrome on WINDOWS (0a1ddf556d7a3398c57a2808c93c9bca)] -> xpath: //select[@id = 'userSelect']]
2021-06-28 15:06:195 INFO  HomePage :34 - Clicking on add to Customer Tab[[ChromeDriver: chrome on WINDOWS (0a1ddf556d7a3398c57a2808c93c9bca)] -> xpath: //button[@class = 'btn btn-default']]
2021-06-28 16:06:656 INFO  BasePage :33 - Launching Chrome Browser 
2021-06-28 16:06:734 INFO  HomePage :34 - Clicking on Bank Manager Login Button[[ChromeDriver: chrome on WINDOWS (ce0d00b8a8b1f98bad6eeff69b5ea860)] -> xpath: //button[text()='Bank Manager Login']]
2021-06-28 16:06:588 INFO  HomePage :23 - Clicking on add to Customer Tab[[ChromeDriver: chrome on WINDOWS (ce0d00b8a8b1f98bad6eeff69b5ea860)] -> xpath: //body[1]/div[3]/div[1]/div[2]/div[1]/div[1]/button[1]]
2021-06-28 16:06:881 INFO  HomePage :27 - Enter First Name[[ChromeDriver: chrome on WINDOWS (ce0d00b8a8b1f98bad6eeff69b5ea860)] -> xpath: //body[1]/div[3]/div[1]/div[2]/div[1]/div[2]/div[1]/div[1]/form[1]/div[1]/input[1]]
2021-06-28 16:06:58 INFO  HomePage :32 - Enter Last Name[[ChromeDriver: chrome on WINDOWS (ce0d00b8a8b1f98bad6eeff69b5ea860)] -> xpath: //input[@placeholder='Last Name']]
2021-06-28 16:06:237 INFO  HomePage :37 - Enter post code[[ChromeDriver: chrome on WINDOWS (ce0d00b8a8b1f98bad6eeff69b5ea860)] -> xpath: //body[1]/div[3]/div[1]/div[2]/div[1]/div[2]/div[1]/div[1]/form[1]/div[3]/input[1]]
2021-06-28 16:06:279 INFO  HomePage :41 - Click On Add Customer button[[ChromeDriver: chrome on WINDOWS (ce0d00b8a8b1f98bad6eeff69b5ea860)] -> xpath: //body[1]/div[3]/div[1]/div[2]/div[1]/div[2]/div[1]/div[1]/form[1]/button[1]]
2021-06-28 16:06:543 INFO  HomePage :39 - Clicking on Bank Manager Login Button[[ChromeDriver: chrome on WINDOWS (ce0d00b8a8b1f98bad6eeff69b5ea860)] -> xpath: //button[text()='Home']]
2021-06-28 16:06:713 INFO  HomePage :28 - Clicking on customer login button[[ChromeDriver: chrome on WINDOWS (ce0d00b8a8b1f98bad6eeff69b5ea860)] -> xpath: //button[text()='Customer Login']]
2021-06-28 16:06:954 INFO  HomePage :29 - Clicking on add to Customer Tab[[ChromeDriver: chrome on WINDOWS (ce0d00b8a8b1f98bad6eeff69b5ea860)] -> xpath: //option[text()='Ron Weasly']]
2021-06-28 16:06:189 INFO  AddCustomerPage :34 - clicking on customer name[[ChromeDriver: chrome on WINDOWS (ce0d00b8a8b1f98bad6eeff69b5ea860)] -> xpath: //option[text()='Jarul Mehta']][[ChromeDriver: chrome on WINDOWS (ce0d00b8a8b1f98bad6eeff69b5ea860)] -> xpath: //select[@id = 'userSelect']]
2021-06-28 16:06:339 INFO  HomePage :34 - Clicking on add to Customer Tab[[ChromeDriver: chrome on WINDOWS (ce0d00b8a8b1f98bad6eeff69b5ea860)] -> xpath: //button[@class = 'btn btn-default']]
2021-06-28 16:06:687 INFO  BasePage :33 - Launching Chrome Browser 
2021-06-28 16:06:37 INFO  HomePage :34 - Clicking on Bank Manager Login Button[[ChromeDriver: chrome on WINDOWS (c9d829a21af9c626e6eddeb655bbdb79)] -> xpath: //button[text()='Bank Manager Login']]
2021-06-28 16:06:760 INFO  HomePage :23 - Clicking on add to Customer Tab[[ChromeDriver: chrome on WINDOWS (c9d829a21af9c626e6eddeb655bbdb79)] -> xpath: //body[1]/div[3]/div[1]/div[2]/div[1]/div[1]/button[1]]
2021-06-28 16:06:17 INFO  HomePage :27 - Enter First Name[[ChromeDriver: chrome on WINDOWS (c9d829a21af9c626e6eddeb655bbdb79)] -> xpath: //body[1]/div[3]/div[1]/div[2]/div[1]/div[2]/div[1]/div[1]/form[1]/div[1]/input[1]]
2021-06-28 16:06:206 INFO  HomePage :32 - Enter Last Name[[ChromeDriver: chrome on WINDOWS (c9d829a21af9c626e6eddeb655bbdb79)] -> xpath: //input[@placeholder='Last Name']]
2021-06-28 16:06:367 INFO  HomePage :37 - Enter post code[[ChromeDriver: chrome on WINDOWS (c9d829a21af9c626e6eddeb655bbdb79)] -> xpath: //body[1]/div[3]/div[1]/div[2]/div[1]/div[2]/div[1]/div[1]/form[1]/div[3]/input[1]]
2021-06-28 16:06:394 INFO  HomePage :41 - Click On Add Customer button[[ChromeDriver: chrome on WINDOWS (c9d829a21af9c626e6eddeb655bbdb79)] -> xpath: //body[1]/div[3]/div[1]/div[2]/div[1]/div[2]/div[1]/div[1]/form[1]/button[1]]
2021-06-28 16:06:676 INFO  HomePage :39 - Clicking on Bank Manager Login Button[[ChromeDriver: chrome on WINDOWS (c9d829a21af9c626e6eddeb655bbdb79)] -> xpath: //button[text()='Home']]
2021-06-28 16:06:811 INFO  HomePage :28 - Clicking on customer login button[[ChromeDriver: chrome on WINDOWS (c9d829a21af9c626e6eddeb655bbdb79)] -> xpath: //button[text()='Customer Login']]
2021-06-28 16:06:46 INFO  HomePage :29 - Clicking on add to Customer Tab[[ChromeDriver: chrome on WINDOWS (c9d829a21af9c626e6eddeb655bbdb79)] -> xpath: //option[text()='Ron Weasly']]
2021-06-28 16:06:310 INFO  AddCustomerPage :34 - clicking on customer name[[ChromeDriver: chrome on WINDOWS (c9d829a21af9c626e6eddeb655bbdb79)] -> xpath: //option[text()='Jarul Mehta']][[ChromeDriver: chrome on WINDOWS (c9d829a21af9c626e6eddeb655bbdb79)] -> xpath: //select[@id = 'userSelect']]
2021-06-28 16:06:462 INFO  HomePage :34 - Clicking on add to Customer Tab[[ChromeDriver: chrome on WINDOWS (c9d829a21af9c626e6eddeb655bbdb79)] -> xpath: //button[@class = 'btn btn-default']]
2021-06-28 16:06:629 INFO  BasePage :33 - Launching Chrome Browser 
2021-06-28 16:06:253 INFO  HomePage :34 - Clicking on Bank Manager Login Button[[ChromeDriver: chrome on WINDOWS (c23dd34786e59691e08bd34def048758)] -> xpath: //button[text()='Bank Manager Login']]
2021-06-28 16:06:490 INFO  HomePage :23 - Clicking on add to Customer Tab[[ChromeDriver: chrome on WINDOWS (c23dd34786e59691e08bd34def048758)] -> xpath: //body[1]/div[3]/div[1]/div[2]/div[1]/div[1]/button[1]]
2021-06-28 16:06:772 INFO  HomePage :27 - Enter First Name[[ChromeDriver: chrome on WINDOWS (c23dd34786e59691e08bd34def048758)] -> xpath: //body[1]/div[3]/div[1]/div[2]/div[1]/div[2]/div[1]/div[1]/form[1]/div[1]/input[1]]
2021-06-28 16:06:906 INFO  HomePage :32 - Enter Last Name[[ChromeDriver: chrome on WINDOWS (c23dd34786e59691e08bd34def048758)] -> xpath: //input[@placeholder='Last Name']]
2021-06-28 16:06:79 INFO  HomePage :37 - Enter post code[[ChromeDriver: chrome on WINDOWS (c23dd34786e59691e08bd34def048758)] -> xpath: //body[1]/div[3]/div[1]/div[2]/div[1]/div[2]/div[1]/div[1]/form[1]/div[3]/input[1]]
2021-06-28 16:06:133 INFO  HomePage :41 - Click On Add Customer button[[ChromeDriver: chrome on WINDOWS (c23dd34786e59691e08bd34def048758)] -> xpath: //body[1]/div[3]/div[1]/div[2]/div[1]/div[2]/div[1]/div[1]/form[1]/button[1]]
2021-06-28 16:06:406 INFO  HomePage :39 - Clicking on Bank Manager Login Button[[ChromeDriver: chrome on WINDOWS (c23dd34786e59691e08bd34def048758)] -> xpath: //button[text()='Home']]
2021-06-28 16:06:533 INFO  HomePage :28 - Clicking on customer login button[[ChromeDriver: chrome on WINDOWS (c23dd34786e59691e08bd34def048758)] -> xpath: //button[text()='Customer Login']]
2021-06-28 16:06:832 INFO  HomePage :29 - Clicking on add to Customer Tab[[ChromeDriver: chrome on WINDOWS (c23dd34786e59691e08bd34def048758)] -> xpath: //option[text()='Ron Weasly']]
2021-06-28 16:06:962 INFO  HomePage :34 - Clicking on add to Customer Tab[[ChromeDriver: chrome on WINDOWS (c23dd34786e59691e08bd34def048758)] -> xpath: //button[@class = 'btn btn-default']]
2021-06-28 16:06:339 INFO  HomePage :55 - verifying Deposit Message[[ChromeDriver: chrome on WINDOWS (c23dd34786e59691e08bd34def048758)] -> xpath: //span[text() = 'Deposit Successful']]
2021-06-28 17:06:474 INFO  BasePage :33 - Launching Chrome Browser 
2021-06-28 17:06:617 INFO  HomePage :34 - Clicking on Bank Manager Login Button[[ChromeDriver: chrome on WINDOWS (ac6a8a94ffb9f3ae006b633c22019d4f)] -> xpath: //button[text()='Bank Manager Login']]
2021-06-28 17:06:587 INFO  HomePage :23 - Clicking on add to Customer Tab[[ChromeDriver: chrome on WINDOWS (ac6a8a94ffb9f3ae006b633c22019d4f)] -> xpath: //body[1]/div[3]/div[1]/div[2]/div[1]/div[1]/button[1]]
2021-06-28 17:06:911 INFO  HomePage :27 - Enter First Name[[ChromeDriver: chrome on WINDOWS (ac6a8a94ffb9f3ae006b633c22019d4f)] -> xpath: //body[1]/div[3]/div[1]/div[2]/div[1]/div[2]/div[1]/div[1]/form[1]/div[1]/input[1]]
2021-06-28 17:06:76 INFO  HomePage :32 - Enter Last Name[[ChromeDriver: chrome on WINDOWS (ac6a8a94ffb9f3ae006b633c22019d4f)] -> xpath: //input[@placeholder='Last Name']]
2021-06-28 17:06:228 INFO  HomePage :37 - Enter post code[[ChromeDriver: chrome on WINDOWS (ac6a8a94ffb9f3ae006b633c22019d4f)] -> xpath: //body[1]/div[3]/div[1]/div[2]/div[1]/div[2]/div[1]/div[1]/form[1]/div[3]/input[1]]
2021-06-28 17:06:253 INFO  HomePage :41 - Click On Add Customer button[[ChromeDriver: chrome on WINDOWS (ac6a8a94ffb9f3ae006b633c22019d4f)] -> xpath: //body[1]/div[3]/div[1]/div[2]/div[1]/div[2]/div[1]/div[1]/form[1]/button[1]]
2021-06-28 17:06:544 INFO  HomePage :39 - Clicking on Bank Manager Login Button[[ChromeDriver: chrome on WINDOWS (ac6a8a94ffb9f3ae006b633c22019d4f)] -> xpath: //button[text()='Home']]
2021-06-28 17:06:698 INFO  HomePage :28 - Clicking on customer login button[[ChromeDriver: chrome on WINDOWS (ac6a8a94ffb9f3ae006b633c22019d4f)] -> xpath: //button[text()='Customer Login']]
2021-06-28 17:06:01 INFO  HomePage :29 - Clicking on add to Customer Tab[[ChromeDriver: chrome on WINDOWS (ac6a8a94ffb9f3ae006b633c22019d4f)] -> xpath: //option[text()='Ron Weasly']]
2021-06-28 17:06:112 INFO  HomePage :34 - Clicking on add to Customer Tab[[ChromeDriver: chrome on WINDOWS (ac6a8a94ffb9f3ae006b633c22019d4f)] -> xpath: //button[@class = 'btn btn-default']]
2021-06-28 17:06:533 INFO  HomePage :55 - verifying Deposit Message[[ChromeDriver: chrome on WINDOWS (ac6a8a94ffb9f3ae006b633c22019d4f)] -> xpath: //span[text() = 'Deposit Successful']]
2021-06-28 17:06:421 INFO  BasePage :33 - Launching Chrome Browser 
2021-06-28 17:06:750 INFO  HomePage :34 - Clicking on Bank Manager Login Button[[ChromeDriver: chrome on WINDOWS (8a0ad9f0ff5d9970c47589a32d382218)] -> xpath: //button[text()='Bank Manager Login']]
2021-06-28 17:06:37 INFO  HomePage :23 - Clicking on add to Customer Tab[[ChromeDriver: chrome on WINDOWS (8a0ad9f0ff5d9970c47589a32d382218)] -> xpath: //body[1]/div[3]/div[1]/div[2]/div[1]/div[1]/button[1]]
2021-06-28 17:06:276 INFO  HomePage :27 - Enter First Name[[ChromeDriver: chrome on WINDOWS (8a0ad9f0ff5d9970c47589a32d382218)] -> xpath: //body[1]/div[3]/div[1]/div[2]/div[1]/div[2]/div[1]/div[1]/form[1]/div[1]/input[1]]
2021-06-28 17:06:385 INFO  HomePage :32 - Enter Last Name[[ChromeDriver: chrome on WINDOWS (8a0ad9f0ff5d9970c47589a32d382218)] -> xpath: //input[@placeholder='Last Name']]
2021-06-28 17:06:506 INFO  HomePage :37 - Enter post code[[ChromeDriver: chrome on WINDOWS (8a0ad9f0ff5d9970c47589a32d382218)] -> xpath: //body[1]/div[3]/div[1]/div[2]/div[1]/div[2]/div[1]/div[1]/form[1]/div[3]/input[1]]
2021-06-28 17:06:539 INFO  HomePage :41 - Click On Add Customer button[[ChromeDriver: chrome on WINDOWS (8a0ad9f0ff5d9970c47589a32d382218)] -> xpath: //body[1]/div[3]/div[1]/div[2]/div[1]/div[2]/div[1]/div[1]/form[1]/button[1]]
2021-06-28 17:06:825 INFO  HomePage :39 - Clicking on Bank Manager Login Button[[ChromeDriver: chrome on WINDOWS (8a0ad9f0ff5d9970c47589a32d382218)] -> xpath: //button[text()='Home']]
2021-06-28 17:06:07 INFO  HomePage :28 - Clicking on customer login button[[ChromeDriver: chrome on WINDOWS (8a0ad9f0ff5d9970c47589a32d382218)] -> xpath: //button[text()='Customer Login']]
2021-06-28 17:06:307 INFO  HomePage :29 - Clicking on add to Customer Tab[[ChromeDriver: chrome on WINDOWS (8a0ad9f0ff5d9970c47589a32d382218)] -> xpath: //option[text()='Ron Weasly']]
2021-06-28 17:06:395 INFO  HomePage :34 - Clicking on add to Customer Tab[[ChromeDriver: chrome on WINDOWS (8a0ad9f0ff5d9970c47589a32d382218)] -> xpath: //button[@class = 'btn btn-default']]
2021-06-28 17:06:44 INFO  HomePage :76 - verifying Deposit MessageProxy element for: DefaultElementLocator 'By.xpath: //span[text()='Transaction successful']'
2021-06-28 17:06:194 INFO  BasePage :33 - Launching Chrome Browser 
2021-06-28 17:06:458 INFO  HomePage :34 - Clicking on Bank Manager Login Button[[ChromeDriver: chrome on WINDOWS (d06bf5544d5052f1fc841f51643c3b13)] -> xpath: //button[text()='Bank Manager Login']]
2021-06-28 17:06:397 INFO  HomePage :23 - Clicking on add to Customer Tab[[ChromeDriver: chrome on WINDOWS (d06bf5544d5052f1fc841f51643c3b13)] -> xpath: //body[1]/div[3]/div[1]/div[2]/div[1]/div[1]/button[1]]
2021-06-28 17:06:749 INFO  HomePage :27 - Enter First Name[[ChromeDriver: chrome on WINDOWS (d06bf5544d5052f1fc841f51643c3b13)] -> xpath: //body[1]/div[3]/div[1]/div[2]/div[1]/div[2]/div[1]/div[1]/form[1]/div[1]/input[1]]
2021-06-28 17:06:898 INFO  HomePage :32 - Enter Last Name[[ChromeDriver: chrome on WINDOWS (d06bf5544d5052f1fc841f51643c3b13)] -> xpath: //input[@placeholder='Last Name']]
2021-06-28 17:06:29 INFO  HomePage :37 - Enter post code[[ChromeDriver: chrome on WINDOWS (d06bf5544d5052f1fc841f51643c3b13)] -> xpath: //body[1]/div[3]/div[1]/div[2]/div[1]/div[2]/div[1]/div[1]/form[1]/div[3]/input[1]]
2021-06-28 17:06:61 INFO  HomePage :41 - Click On Add Customer button[[ChromeDriver: chrome on WINDOWS (d06bf5544d5052f1fc841f51643c3b13)] -> xpath: //body[1]/div[3]/div[1]/div[2]/div[1]/div[2]/div[1]/div[1]/form[1]/button[1]]
2021-06-28 17:06:390 INFO  HomePage :39 - Clicking on Bank Manager Login Button[[ChromeDriver: chrome on WINDOWS (d06bf5544d5052f1fc841f51643c3b13)] -> xpath: //button[text()='Home']]
2021-06-28 17:06:544 INFO  HomePage :28 - Clicking on customer login button[[ChromeDriver: chrome on WINDOWS (d06bf5544d5052f1fc841f51643c3b13)] -> xpath: //button[text()='Customer Login']]
2021-06-28 17:06:808 INFO  HomePage :29 - Clicking on add to Customer Tab[[ChromeDriver: chrome on WINDOWS (d06bf5544d5052f1fc841f51643c3b13)] -> xpath: //option[text()='Ron Weasly']]
2021-06-28 17:06:932 INFO  HomePage :34 - Clicking on add to Customer Tab[[ChromeDriver: chrome on WINDOWS (d06bf5544d5052f1fc841f51643c3b13)] -> xpath: //button[@class = 'btn btn-default']]
2021-06-28 17:06:328 INFO  HomePage :55 - verifying Deposit Message[[ChromeDriver: chrome on WINDOWS (d06bf5544d5052f1fc841f51643c3b13)] -> xpath: //span[text() = 'Deposit Successful']]
2021-06-28 17:06:261 INFO  BasePage :33 - Launching Chrome Browser 
2021-06-28 17:06:587 INFO  HomePage :34 - Clicking on Bank Manager Login Button[[ChromeDriver: chrome on WINDOWS (b10564a433cfa2c27b763bb12f147515)] -> xpath: //button[text()='Bank Manager Login']]
2021-06-28 17:06:887 INFO  HomePage :23 - Clicking on add to Customer Tab[[ChromeDriver: chrome on WINDOWS (b10564a433cfa2c27b763bb12f147515)] -> xpath: //body[1]/div[3]/div[1]/div[2]/div[1]/div[1]/button[1]]
2021-06-28 17:06:181 INFO  HomePage :27 - Enter First Name[[ChromeDriver: chrome on WINDOWS (b10564a433cfa2c27b763bb12f147515)] -> xpath: //body[1]/div[3]/div[1]/div[2]/div[1]/div[2]/div[1]/div[1]/form[1]/div[1]/input[1]]
2021-06-28 17:06:331 INFO  HomePage :32 - Enter Last Name[[ChromeDriver: chrome on WINDOWS (b10564a433cfa2c27b763bb12f147515)] -> xpath: //input[@placeholder='Last Name']]
2021-06-28 17:06:492 INFO  HomePage :37 - Enter post code[[ChromeDriver: chrome on WINDOWS (b10564a433cfa2c27b763bb12f147515)] -> xpath: //body[1]/div[3]/div[1]/div[2]/div[1]/div[2]/div[1]/div[1]/form[1]/div[3]/input[1]]
2021-06-28 17:06:539 INFO  HomePage :41 - Click On Add Customer button[[ChromeDriver: chrome on WINDOWS (b10564a433cfa2c27b763bb12f147515)] -> xpath: //body[1]/div[3]/div[1]/div[2]/div[1]/div[2]/div[1]/div[1]/form[1]/button[1]]
2021-06-28 17:06:767 INFO  HomePage :39 - Clicking on Bank Manager Login Button[[ChromeDriver: chrome on WINDOWS (b10564a433cfa2c27b763bb12f147515)] -> xpath: //button[text()='Home']]
2021-06-28 17:06:893 INFO  HomePage :28 - Clicking on customer login button[[ChromeDriver: chrome on WINDOWS (b10564a433cfa2c27b763bb12f147515)] -> xpath: //button[text()='Customer Login']]
2021-06-28 17:06:131 INFO  HomePage :29 - Clicking on add to Customer Tab[[ChromeDriver: chrome on WINDOWS (b10564a433cfa2c27b763bb12f147515)] -> xpath: //option[text()='Ron Weasly']]
2021-06-28 17:06:215 INFO  HomePage :34 - Clicking on add to Customer Tab[[ChromeDriver: chrome on WINDOWS (b10564a433cfa2c27b763bb12f147515)] -> xpath: //button[@class = 'btn btn-default']]
2021-06-28 17:06:785 INFO  HomePage :76 - verifying Deposit Message[[ChromeDriver: chrome on WINDOWS (b10564a433cfa2c27b763bb12f147515)] -> xpath: //span[text()='Transaction successful']]
2021-06-28 17:06:171 INFO  BasePage :33 - Launching Chrome Browser 
2021-06-28 17:06:363 INFO  HomePage :34 - Clicking on Bank Manager Login Button[[ChromeDriver: chrome on WINDOWS (cde6e712cdbe864c9b295e4d7071b070)] -> xpath: //button[text()='Bank Manager Login']]
2021-06-28 17:06:294 INFO  HomePage :23 - Clicking on add to Customer Tab[[ChromeDriver: chrome on WINDOWS (cde6e712cdbe864c9b295e4d7071b070)] -> xpath: //body[1]/div[3]/div[1]/div[2]/div[1]/div[1]/button[1]]
2021-06-28 17:06:594 INFO  HomePage :27 - Enter First Name[[ChromeDriver: chrome on WINDOWS (cde6e712cdbe864c9b295e4d7071b070)] -> xpath: //body[1]/div[3]/div[1]/div[2]/div[1]/div[2]/div[1]/div[1]/form[1]/div[1]/input[1]]
2021-06-28 17:06:779 INFO  HomePage :32 - Enter Last Name[[ChromeDriver: chrome on WINDOWS (cde6e712cdbe864c9b295e4d7071b070)] -> xpath: //input[@placeholder='Last Name']]
2021-06-28 17:06:948 INFO  HomePage :37 - Enter post code[[ChromeDriver: chrome on WINDOWS (cde6e712cdbe864c9b295e4d7071b070)] -> xpath: //body[1]/div[3]/div[1]/div[2]/div[1]/div[2]/div[1]/div[1]/form[1]/div[3]/input[1]]
2021-06-28 17:06:983 INFO  HomePage :41 - Click On Add Customer button[[ChromeDriver: chrome on WINDOWS (cde6e712cdbe864c9b295e4d7071b070)] -> xpath: //body[1]/div[3]/div[1]/div[2]/div[1]/div[2]/div[1]/div[1]/form[1]/button[1]]
2021-06-28 17:06:293 INFO  HomePage :39 - Clicking on Bank Manager Login Button[[ChromeDriver: chrome on WINDOWS (cde6e712cdbe864c9b295e4d7071b070)] -> xpath: //button[text()='Home']]
2021-06-28 17:06:419 INFO  HomePage :28 - Clicking on customer login button[[ChromeDriver: chrome on WINDOWS (cde6e712cdbe864c9b295e4d7071b070)] -> xpath: //button[text()='Customer Login']]
2021-06-28 17:06:747 INFO  HomePage :29 - Clicking on add to Customer Tab[[ChromeDriver: chrome on WINDOWS (cde6e712cdbe864c9b295e4d7071b070)] -> xpath: //option[text()='Ron Weasly']]
2021-06-28 17:06:840 INFO  HomePage :34 - Clicking on add to Customer Tab[[ChromeDriver: chrome on WINDOWS (cde6e712cdbe864c9b295e4d7071b070)] -> xpath: //button[@class = 'btn btn-default']]
2021-06-28 17:06:550 INFO  HomePage :76 - verifying Deposit Message[[ChromeDriver: chrome on WINDOWS (cde6e712cdbe864c9b295e4d7071b070)] -> xpath: //span[text()='Transaction successful']]
2021-06-28 17:06:589 INFO  BasePage :33 - Launching Chrome Browser 
2021-06-28 17:06:272 INFO  HomePage :34 - Clicking on Bank Manager Login Button[[ChromeDriver: chrome on WINDOWS (cc7e631578552e1fa11a65e19c6a0d81)] -> xpath: //button[text()='Bank Manager Login']]
2021-06-28 17:06:402 INFO  HomePage :23 - Clicking on add to Customer Tab[[ChromeDriver: chrome on WINDOWS (cc7e631578552e1fa11a65e19c6a0d81)] -> xpath: //body[1]/div[3]/div[1]/div[2]/div[1]/div[1]/button[1]]
2021-06-28 17:06:704 INFO  HomePage :27 - Enter First Name[[ChromeDriver: chrome on WINDOWS (cc7e631578552e1fa11a65e19c6a0d81)] -> xpath: //body[1]/div[3]/div[1]/div[2]/div[1]/div[2]/div[1]/div[1]/form[1]/div[1]/input[1]]
2021-06-28 17:06:852 INFO  HomePage :32 - Enter Last Name[[ChromeDriver: chrome on WINDOWS (cc7e631578552e1fa11a65e19c6a0d81)] -> xpath: //input[@placeholder='Last Name']]
2021-06-28 17:06:25 INFO  HomePage :37 - Enter post code[[ChromeDriver: chrome on WINDOWS (cc7e631578552e1fa11a65e19c6a0d81)] -> xpath: //body[1]/div[3]/div[1]/div[2]/div[1]/div[2]/div[1]/div[1]/form[1]/div[3]/input[1]]
2021-06-28 17:06:56 INFO  HomePage :41 - Click On Add Customer button[[ChromeDriver: chrome on WINDOWS (cc7e631578552e1fa11a65e19c6a0d81)] -> xpath: //body[1]/div[3]/div[1]/div[2]/div[1]/div[2]/div[1]/div[1]/form[1]/button[1]]
2021-06-28 17:06:351 INFO  HomePage :29 - Clicking on add to Customer Tab[[ChromeDriver: chrome on WINDOWS (cc7e631578552e1fa11a65e19c6a0d81)] -> xpath: //body[1]/div[3]/div[1]/div[2]/div[1]/div[1]/button[2]]
2021-06-28 17:06:775 INFO  AddCustomerPage :34 - clicking on customer name[[ChromeDriver: chrome on WINDOWS (cc7e631578552e1fa11a65e19c6a0d81)] -> xpath: //option[text()='Jarul Mehta']][[ChromeDriver: chrome on WINDOWS (cc7e631578552e1fa11a65e19c6a0d81)] -> xpath: //select[@id = 'userSelect']]
2021-06-28 17:06:42 INFO  AddCustomerPage :41 - clicking on currency[[ChromeDriver: chrome on WINDOWS (cc7e631578552e1fa11a65e19c6a0d81)] -> xpath: //select[@id = 'currency']][[ChromeDriver: chrome on WINDOWS (cc7e631578552e1fa11a65e19c6a0d81)] -> xpath: //option[text()='Pound']]
2021-06-28 17:06:270 INFO  AddCustomerPage :46 - clicking on process button[[ChromeDriver: chrome on WINDOWS (cc7e631578552e1fa11a65e19c6a0d81)] -> xpath: //body[1]/div[3]/div[1]/div[2]/div[1]/div[2]/div[1]/div[1]/form[1]/button[1]]
2021-06-28 17:06:401 INFO  BasePage :33 - Launching Chrome Browser 
2021-06-28 17:06:161 INFO  HomePage :34 - Clicking on Bank Manager Login Button[[ChromeDriver: chrome on WINDOWS (9b9891d4ca5cf7a002f6460c799377fe)] -> xpath: //button[text()='Bank Manager Login']]
2021-06-28 17:06:389 INFO  HomePage :23 - Clicking on add to Customer Tab[[ChromeDriver: chrome on WINDOWS (9b9891d4ca5cf7a002f6460c799377fe)] -> xpath: //body[1]/div[3]/div[1]/div[2]/div[1]/div[1]/button[1]]
2021-06-28 17:06:706 INFO  HomePage :27 - Enter First Name[[ChromeDriver: chrome on WINDOWS (9b9891d4ca5cf7a002f6460c799377fe)] -> xpath: //body[1]/div[3]/div[1]/div[2]/div[1]/div[2]/div[1]/div[1]/form[1]/div[1]/input[1]]
2021-06-28 17:06:849 INFO  HomePage :32 - Enter Last Name[[ChromeDriver: chrome on WINDOWS (9b9891d4ca5cf7a002f6460c799377fe)] -> xpath: //input[@placeholder='Last Name']]
2021-06-28 17:06:31 INFO  HomePage :37 - Enter post code[[ChromeDriver: chrome on WINDOWS (9b9891d4ca5cf7a002f6460c799377fe)] -> xpath: //body[1]/div[3]/div[1]/div[2]/div[1]/div[2]/div[1]/div[1]/form[1]/div[3]/input[1]]
2021-06-28 17:06:71 INFO  HomePage :41 - Click On Add Customer button[[ChromeDriver: chrome on WINDOWS (9b9891d4ca5cf7a002f6460c799377fe)] -> xpath: //body[1]/div[3]/div[1]/div[2]/div[1]/div[2]/div[1]/div[1]/form[1]/button[1]]
2021-06-28 17:06:399 INFO  HomePage :39 - Clicking on Bank Manager Login Button[[ChromeDriver: chrome on WINDOWS (9b9891d4ca5cf7a002f6460c799377fe)] -> xpath: //button[text()='Home']]
2021-06-28 17:06:531 INFO  HomePage :28 - Clicking on customer login button[[ChromeDriver: chrome on WINDOWS (9b9891d4ca5cf7a002f6460c799377fe)] -> xpath: //button[text()='Customer Login']]
2021-06-28 17:06:766 INFO  HomePage :29 - Clicking on add to Customer Tab[[ChromeDriver: chrome on WINDOWS (9b9891d4ca5cf7a002f6460c799377fe)] -> xpath: //option[text()='Ron Weasly']]
2021-06-28 17:06:898 INFO  HomePage :34 - Clicking on add to Customer Tab[[ChromeDriver: chrome on WINDOWS (9b9891d4ca5cf7a002f6460c799377fe)] -> xpath: //button[@class = 'btn btn-default']]
2021-06-28 17:06:606 INFO  HomePage :76 - verifying Deposit Message[[ChromeDriver: chrome on WINDOWS (9b9891d4ca5cf7a002f6460c799377fe)] -> xpath: //span[text()='Transaction successful']]
2021-06-28 17:06:891 INFO  BasePage :33 - Launching Chrome Browser 
2021-06-28 17:06:170 INFO  HomePage :34 - Clicking on Bank Manager Login Button[[ChromeDriver: chrome on WINDOWS (5ae39a1ed0c741294b091c5420466c77)] -> xpath: //button[text()='Bank Manager Login']]
2021-06-28 17:06:545 INFO  HomePage :23 - Clicking on add to Customer Tab[[ChromeDriver: chrome on WINDOWS (5ae39a1ed0c741294b091c5420466c77)] -> xpath: //body[1]/div[3]/div[1]/div[2]/div[1]/div[1]/button[1]]
2021-06-28 17:06:884 INFO  HomePage :27 - Enter First Name[[ChromeDriver: chrome on WINDOWS (5ae39a1ed0c741294b091c5420466c77)] -> xpath: //body[1]/div[3]/div[1]/div[2]/div[1]/div[2]/div[1]/div[1]/form[1]/div[1]/input[1]]
2021-06-28 17:06:09 INFO  HomePage :32 - Enter Last Name[[ChromeDriver: chrome on WINDOWS (5ae39a1ed0c741294b091c5420466c77)] -> xpath: //input[@placeholder='Last Name']]
2021-06-28 17:06:160 INFO  HomePage :37 - Enter post code[[ChromeDriver: chrome on WINDOWS (5ae39a1ed0c741294b091c5420466c77)] -> xpath: //body[1]/div[3]/div[1]/div[2]/div[1]/div[2]/div[1]/div[1]/form[1]/div[3]/input[1]]
2021-06-28 17:06:197 INFO  HomePage :41 - Click On Add Customer button[[ChromeDriver: chrome on WINDOWS (5ae39a1ed0c741294b091c5420466c77)] -> xpath: //body[1]/div[3]/div[1]/div[2]/div[1]/div[2]/div[1]/div[1]/form[1]/button[1]]
2021-06-28 17:06:494 INFO  HomePage :39 - Clicking on Bank Manager Login Button[[ChromeDriver: chrome on WINDOWS (5ae39a1ed0c741294b091c5420466c77)] -> xpath: //button[text()='Home']]
2021-06-28 17:06:644 INFO  HomePage :28 - Clicking on customer login button[[ChromeDriver: chrome on WINDOWS (5ae39a1ed0c741294b091c5420466c77)] -> xpath: //button[text()='Customer Login']]
2021-06-28 17:06:973 INFO  HomePage :29 - Clicking on add to Customer Tab[[ChromeDriver: chrome on WINDOWS (5ae39a1ed0c741294b091c5420466c77)] -> xpath: //option[text()='Ron Weasly']]
2021-06-28 17:06:94 INFO  HomePage :34 - Clicking on add to Customer Tab[[ChromeDriver: chrome on WINDOWS (5ae39a1ed0c741294b091c5420466c77)] -> xpath: //button[@class = 'btn btn-default']]
2021-06-28 17:06:762 INFO  HomePage :76 - verifying Deposit Message[[ChromeDriver: chrome on WINDOWS (5ae39a1ed0c741294b091c5420466c77)] -> xpath: //span[text()='Transaction successful']]
2021-06-28 17:06:923 INFO  BasePage :33 - Launching Chrome Browser 
2021-06-28 17:06:67 INFO  HomePage :34 - Clicking on Bank Manager Login Button[[ChromeDriver: chrome on WINDOWS (94340bf56ca4bf6585b89112fedf4875)] -> xpath: //button[text()='Bank Manager Login']]
2021-06-28 17:06:941 INFO  HomePage :23 - Clicking on add to Customer Tab[[ChromeDriver: chrome on WINDOWS (94340bf56ca4bf6585b89112fedf4875)] -> xpath: //body[1]/div[3]/div[1]/div[2]/div[1]/div[1]/button[1]]
2021-06-28 17:06:228 INFO  HomePage :27 - Enter First Name[[ChromeDriver: chrome on WINDOWS (94340bf56ca4bf6585b89112fedf4875)] -> xpath: //body[1]/div[3]/div[1]/div[2]/div[1]/div[2]/div[1]/div[1]/form[1]/div[1]/input[1]]
2021-06-28 17:06:366 INFO  HomePage :32 - Enter Last Name[[ChromeDriver: chrome on WINDOWS (94340bf56ca4bf6585b89112fedf4875)] -> xpath: //input[@placeholder='Last Name']]
2021-06-28 17:06:522 INFO  HomePage :37 - Enter post code[[ChromeDriver: chrome on WINDOWS (94340bf56ca4bf6585b89112fedf4875)] -> xpath: //body[1]/div[3]/div[1]/div[2]/div[1]/div[2]/div[1]/div[1]/form[1]/div[3]/input[1]]
2021-06-28 17:06:571 INFO  HomePage :41 - Click On Add Customer button[[ChromeDriver: chrome on WINDOWS (94340bf56ca4bf6585b89112fedf4875)] -> xpath: //body[1]/div[3]/div[1]/div[2]/div[1]/div[2]/div[1]/div[1]/form[1]/button[1]]
2021-06-28 17:06:883 INFO  HomePage :39 - Clicking on Bank Manager Login Button[[ChromeDriver: chrome on WINDOWS (94340bf56ca4bf6585b89112fedf4875)] -> xpath: //button[text()='Home']]
2021-06-28 17:06:07 INFO  HomePage :28 - Clicking on customer login button[[ChromeDriver: chrome on WINDOWS (94340bf56ca4bf6585b89112fedf4875)] -> xpath: //button[text()='Customer Login']]
2021-06-28 17:06:261 INFO  HomePage :29 - Clicking on add to Customer Tab[[ChromeDriver: chrome on WINDOWS (94340bf56ca4bf6585b89112fedf4875)] -> xpath: //option[text()='Ron Weasly']]
2021-06-28 17:06:385 INFO  HomePage :34 - Clicking on add to Customer Tab[[ChromeDriver: chrome on WINDOWS (94340bf56ca4bf6585b89112fedf4875)] -> xpath: //button[@class = 'btn btn-default']]
2021-06-28 17:06:106 INFO  HomePage :76 - verifying Deposit Message[[ChromeDriver: chrome on WINDOWS (94340bf56ca4bf6585b89112fedf4875)] -> xpath: //span[text()='Transaction successful']]
2021-06-28 17:06:94 INFO  BasePage :33 - Launching Chrome Browser 
2021-06-28 17:06:509 INFO  HomePage :34 - Clicking on Bank Manager Login Button[[ChromeDriver: chrome on WINDOWS (c96edd8f6e5d32a802c96d18d35c41fb)] -> xpath: //button[text()='Bank Manager Login']]
2021-06-28 17:06:651 INFO  HomePage :23 - Clicking on add to Customer Tab[[ChromeDriver: chrome on WINDOWS (c96edd8f6e5d32a802c96d18d35c41fb)] -> xpath: //body[1]/div[3]/div[1]/div[2]/div[1]/div[1]/button[1]]
2021-06-28 17:06:913 INFO  HomePage :27 - Enter First Name[[ChromeDriver: chrome on WINDOWS (c96edd8f6e5d32a802c96d18d35c41fb)] -> xpath: //body[1]/div[3]/div[1]/div[2]/div[1]/div[2]/div[1]/div[1]/form[1]/div[1]/input[1]]
2021-06-28 17:06:60 INFO  HomePage :32 - Enter Last Name[[ChromeDriver: chrome on WINDOWS (c96edd8f6e5d32a802c96d18d35c41fb)] -> xpath: //input[@placeholder='Last Name']]
2021-06-28 17:06:187 INFO  HomePage :37 - Enter post code[[ChromeDriver: chrome on WINDOWS (c96edd8f6e5d32a802c96d18d35c41fb)] -> xpath: //body[1]/div[3]/div[1]/div[2]/div[1]/div[2]/div[1]/div[1]/form[1]/div[3]/input[1]]
2021-06-28 17:06:220 INFO  HomePage :41 - Click On Add Customer button[[ChromeDriver: chrome on WINDOWS (c96edd8f6e5d32a802c96d18d35c41fb)] -> xpath: //body[1]/div[3]/div[1]/div[2]/div[1]/div[2]/div[1]/div[1]/form[1]/button[1]]
2021-06-28 17:06:552 INFO  HomePage :39 - Clicking on Bank Manager Login Button[[ChromeDriver: chrome on WINDOWS (c96edd8f6e5d32a802c96d18d35c41fb)] -> xpath: //button[text()='Home']]
2021-06-28 17:06:714 INFO  HomePage :28 - Clicking on customer login button[[ChromeDriver: chrome on WINDOWS (c96edd8f6e5d32a802c96d18d35c41fb)] -> xpath: //button[text()='Customer Login']]
2021-06-28 17:06:991 INFO  HomePage :29 - Clicking on add to Customer Tab[[ChromeDriver: chrome on WINDOWS (c96edd8f6e5d32a802c96d18d35c41fb)] -> xpath: //option[text()='Ron Weasly']]
2021-06-28 17:06:91 INFO  HomePage :34 - Clicking on add to Customer Tab[[ChromeDriver: chrome on WINDOWS (c96edd8f6e5d32a802c96d18d35c41fb)] -> xpath: //button[@class = 'btn btn-default']]
2021-06-28 17:06:845 INFO  HomePage :76 - verifying Deposit Message[[ChromeDriver: chrome on WINDOWS (c96edd8f6e5d32a802c96d18d35c41fb)] -> xpath: //span[text()='Transaction successful']]
